{"meta": {"format": 3, "version": "7.15.2", "timestamp": "2026-07-15T22:38:08.153892", "branch_coverage": false, "show_contexts": false}, "files": {"library\\__init__.py": {"executed_lines": [], "summary": {"covered_lines": 0, "num_statements": 0, "percent_covered": 100.0, "percent_covered_display": "100", "missing_lines": 0, "excluded_lines": 0, "percent_statements_covered": 100.0, "percent_statements_covered_display": "100"}, "missing_lines": [], "excluded_lines": [], "functions": {"": {"executed_lines": [], "summary": {"covered_lines": 0, "num_statements": 0, "percent_covered": 100.0, "percent_covered_display": "100", "missing_lines": 0, "excluded_lines": 0, "percent_statements_covered": 100.0, "percent_statements_covered_display": "100"}, "missing_lines": [], "excluded_lines": [], "start_line": 1}}, "classes": {"": {"executed_lines": [], "summary": {"covered_lines": 0, "num_statements": 0, "percent_covered": 100.0, "percent_covered_display": "100", "missing_lines": 0, "excluded_lines": 0, "percent_statements_covered": 100.0, "percent_statements_covered_display": "100"}, "missing_lines": [], "excluded_lines": [], "start_line": 1}}}, "library\\acquisitions.py": {"executed_lines": [8, 10, 11, 13, 14, 21, 24, 25, 27, 30, 31, 34, 35, 37, 39, 41, 51, 52, 55, 56, 57, 58, 60, 63, 65, 66, 67, 68, 69, 70, 77, 80, 82, 83, 90, 91, 93, 95, 98, 99, 103, 105, 106, 107, 111, 112, 113, 120, 121, 122, 124, 125, 126, 127, 129, 136, 143, 146, 147, 148, 149, 152, 153, 155, 158, 159, 160, 161, 162], "summary": {"covered_lines": 69, "num_statements": 82, "percent_covered": 84.14634146341463, "percent_covered_display": "84", "missing_lines": 13, "excluded_lines": 0, "percent_statements_covered": 84.14634146341463, "percent_statements_covered_display": "84"}, "missing_lines": [26, 36, 38, 40, 59, 61, 92, 94, 96, 100, 101, 108, 150], "excluded_lines": [], "functions": {"create_purchase_order": {"executed_lines": [25, 27, 30, 31], "summary": {"covered_lines": 4, "num_statements": 5, "percent_covered": 80.0, "percent_covered_display": "80", "missing_lines": 1, "excluded_lines": 0, "percent_statements_covered": 80.0, "percent_statements_covered_display": "80"}, "missing_lines": [26], "excluded_lines": [], "start_line": 24}, "add_line": {"executed_lines": [35, 37, 39, 41], "summary": {"covered_lines": 4, "num_statements": 7, "percent_covered": 57.142857142857146, "percent_covered_display": "57", "missing_lines": 3, "excluded_lines": 0, "percent_statements_covered": 57.142857142857146, "percent_statements_covered_display": "57"}, "missing_lines": [36, 38, 40], "excluded_lines": [], "start_line": 34}, "order_total_cents": {"executed_lines": [52], "summary": {"covered_lines": 1, "num_statements": 1, "percent_covered": 100.0, "percent_covered_display": "100", "missing_lines": 0, "excluded_lines": 0, "percent_statements_covered": 100.0, "percent_statements_covered_display": "100"}, "missing_lines": [], "excluded_lines": [], "start_line": 51}, "place_order": {"executed_lines": [56, 57, 58, 60, 63, 65, 66, 67, 68, 69, 70, 77], "summary": {"covered_lines": 12, "num_statements": 14, "percent_covered": 85.71428571428571, "percent_covered_display": "86", "missing_lines": 2, "excluded_lines": 0, "percent_statements_covered": 85.71428571428571, "percent_statements_covered_display": "86"}, "missing_lines": [59, 61], "excluded_lines": [], "start_line": 55}, "receive_line": {"executed_lines": [82, 83, 90, 91, 93, 95, 98, 99, 103, 105, 106, 107, 111, 112, 113, 120, 121, 122, 124, 125, 126, 127, 129, 136, 143], "summary": {"covered_lines": 25, "num_statements": 31, "percent_covered": 80.64516129032258, "percent_covered_display": "81", "missing_lines": 6, "excluded_lines": 0, "percent_statements_covered": 80.64516129032258, "percent_statements_covered_display": "81"}, "missing_lines": [92, 94, 96, 100, 101, 108], "excluded_lines": [], "start_line": 80}, "cancel_order": {"executed_lines": [147, 148, 149, 152, 153, 155, 158, 159, 160, 161, 162], "summary": {"covered_lines": 11, "num_statements": 12, "percent_covered": 91.66666666666667, "percent_covered_display": "92", "missing_lines": 1, "excluded_lines": 0, "percent_statements_covered": 91.66666666666667, "percent_statements_covered_display": "92"}, "missing_lines": [150], "excluded_lines": [], "start_line": 146}, "": {"executed_lines": [8, 10, 11, 13, 14, 21, 24, 34, 51, 55, 80, 146], "summary": {"covered_lines": 12, "num_statements": 12, "percent_covered": 100.0, "percent_covered_display": "100", "missing_lines": 0, "excluded_lines": 0, "percent_statements_covered": 100.0, "percent_statements_covered_display": "100"}, "missing_lines": [], "excluded_lines": [], "start_line": 1}}, "classes": {"": {"executed_lines": [8, 10, 11, 13, 14, 21, 24, 25, 27, 30, 31, 34, 35, 37, 39, 41, 51, 52, 55, 56, 57, 58, 60, 63, 65, 66, 67, 68, 69, 70, 77, 80, 82, 83, 90, 91, 93, 95, 98, 99, 103, 105, 106, 107, 111, 112, 113, 120, 121, 122, 124, 125, 126, 127, 129, 136, 143, 146, 147, 148, 149, 152, 153, 155, 158, 159, 160, 161, 162], "summary": {"covered_lines": 69, "num_statements": 82, "percent_covered": 84.14634146341463, "percent_covered_display": "84", "missing_lines": 13, "excluded_lines": 0, "percent_statements_covered": 84.14634146341463, "percent_statements_covered_display": "84"}, "missing_lines": [26, 36, 38, 40, 59, 61, 92, 94, 96, 100, 101, 108, 150], "excluded_lines": [], "start_line": 1}}}, "library\\admin.py": {"executed_lines": [2, 4, 7, 8, 9, 10, 13, 14, 15, 16, 17, 20, 21, 22, 23, 24, 25, 26, 29, 30, 31, 32, 33, 36, 37, 38, 39, 40, 43, 44, 45, 46, 47, 48, 49, 50, 51, 52, 53, 54, 55, 56, 57, 58, 59, 60, 63, 64, 66, 69, 72, 74, 75, 76, 77, 78, 79, 80, 81, 82, 83, 84, 85, 86, 87, 88, 89, 90, 91, 92, 93, 94, 95, 96, 97, 98, 99, 100, 101, 102, 103, 104, 105, 106, 107, 108, 109, 110, 111, 112, 113, 114, 115], "summary": {"covered_lines": 93, "num_statements": 96, "percent_covered": 96.875, "percent_covered_display": "97", "missing_lines": 3, "excluded_lines": 0, "percent_statements_covered": 96.875, "percent_statements_covered_display": "97"}, "missing_lines": [67, 70, 73], "excluded_lines": [], "functions": {"AuditLogAdmin.has_add_permission": {"executed_lines": [], "summary": {"covered_lines": 0, "num_statements": 1, "percent_covered": 0.0, "percent_covered_display": "0", "missing_lines": 1, "excluded_lines": 0, "percent_statements_covered": 0.0, "percent_statements_covered_display": "0"}, "missing_lines": [67], "excluded_lines": [], "start_line": 66}, "AuditLogAdmin.has_change_permission": {"executed_lines": [], "summary": {"covered_lines": 0, "num_statements": 1, "percent_covered": 0.0, "percent_covered_display": "0", "missing_lines": 1, "excluded_lines": 0, "percent_statements_covered": 0.0, "percent_statements_covered_display": "0"}, "missing_lines": [70], "excluded_lines": [], "start_line": 69}, "AuditLogAdmin.has_delete_permission": {"executed_lines": [], "summary": {"covered_lines": 0, "num_statements": 1, "percent_covered": 0.0, "percent_covered_display": "0", "missing_lines": 1, "excluded_lines": 0, "percent_statements_covered": 0.0, "percent_statements_covered_display": "0"}, "missing_lines": [73], "excluded_lines": [], "start_line": 72}, "": {"executed_lines": [2, 4, 7, 8, 9, 10, 13, 14, 15, 16, 17, 20, 21, 22, 23, 24, 25, 26, 29, 30, 31, 32, 33, 36, 37, 38, 39, 40, 43, 44, 45, 46, 47, 48, 49, 50, 51, 52, 53, 54, 55, 56, 57, 58, 59, 60, 63, 64, 66, 69, 72, 74, 75, 76, 77, 78, 79, 80, 81, 82, 83, 84, 85, 86, 87, 88, 89, 90, 91, 92, 93, 94, 95, 96, 97, 98, 99, 100, 101, 102, 103, 104, 105, 106, 107, 108, 109, 110, 111, 112, 113, 114, 115], "summary": {"covered_lines": 93, "num_statements": 93, "percent_covered": 100.0, "percent_covered_display": "100", "missing_lines": 0, "excluded_lines": 0, "percent_statements_covered": 100.0, "percent_statements_covered_display": "100"}, "missing_lines": [], "excluded_lines": [], "start_line": 1}}, "classes": {"OrganizationAdmin": {"executed_lines": [], "summary": {"covered_lines": 0, "num_statements": 0, "percent_covered": 100.0, "percent_covered_display": "100", "missing_lines": 0, "excluded_lines": 0, "percent_statements_covered": 100.0, "percent_statements_covered_display": "100"}, "missing_lines": [], "excluded_lines": [], "start_line": 8}, "BranchAdmin": {"executed_lines": [], "summary": {"covered_lines": 0, "num_statements": 0, "percent_covered": 100.0, "percent_covered_display": "100", "missing_lines": 0, "excluded_lines": 0, "percent_statements_covered": 100.0, "percent_statements_covered_display": "100"}, "missing_lines": [], "excluded_lines": [], "start_line": 14}, "WorkAdmin": {"executed_lines": [], "summary": {"covered_lines": 0, "num_statements": 0, "percent_covered": 100.0, "percent_covered_display": "100", "missing_lines": 0, "excluded_lines": 0, "percent_statements_covered": 100.0, "percent_statements_covered_display": "100"}, "missing_lines": [], "excluded_lines": [], "start_line": 21}, "EditionAdmin": {"executed_lines": [], "summary": {"covered_lines": 0, "num_statements": 0, "percent_covered": 100.0, "percent_covered_display": "100", "missing_lines": 0, "excluded_lines": 0, "percent_statements_covered": 100.0, "percent_statements_covered_display": "100"}, "missing_lines": [], "excluded_lines": [], "start_line": 30}, "CopyAdmin": {"executed_lines": [], "summary": {"covered_lines": 0, "num_statements": 0, "percent_covered": 100.0, "percent_covered_display": "100", "missing_lines": 0, "excluded_lines": 0, "percent_statements_covered": 100.0, "percent_statements_covered_display": "100"}, "missing_lines": [], "excluded_lines": [], "start_line": 37}, "AuditLogAdmin": {"executed_lines": [], "summary": {"covered_lines": 0, "num_statements": 3, "percent_covered": 0.0, "percent_covered_display": "0", "missing_lines": 3, "excluded_lines": 0, "percent_statements_covered": 0.0, "percent_statements_covered_display": "0"}, "missing_lines": [67, 70, 73], "excluded_lines": [], "start_line": 60}, "": {"executed_lines": [2, 4, 7, 8, 9, 10, 13, 14, 15, 16, 17, 20, 21, 22, 23, 24, 25, 26, 29, 30, 31, 32, 33, 36, 37, 38, 39, 40, 43, 44, 45, 46, 47, 48, 49, 50, 51, 52, 53, 54, 55, 56, 57, 58, 59, 60, 63, 64, 66, 69, 72, 74, 75, 76, 77, 78, 79, 80, 81, 82, 83, 84, 85, 86, 87, 88, 89, 90, 91, 92, 93, 94, 95, 96, 97, 98, 99, 100, 101, 102, 103, 104, 105, 106, 107, 108, 109, 110, 111, 112, 113, 114, 115], "summary": {"covered_lines": 93, "num_statements": 93, "percent_covered": 100.0, "percent_covered_display": "100", "missing_lines": 0, "excluded_lines": 0, "percent_statements_covered": 100.0, "percent_statements_covered_display": "100"}, "missing_lines": [], "excluded_lines": [], "start_line": 1}}}, "library\\analytics.py": {"executed_lines": [8, 10, 12, 13, 14, 16, 27, 30, 31, 34, 36, 37, 56, 66, 67, 70, 75, 94, 95, 96, 98, 99, 100, 108, 109, 112, 114, 115, 122, 125, 127, 128], "summary": {"covered_lines": 32, "num_statements": 32, "percent_covered": 100.0, "percent_covered_display": "100", "missing_lines": 0, "excluded_lines": 0, "percent_statements_covered": 100.0, "percent_statements_covered_display": "100"}, "missing_lines": [], "excluded_lines": [], "functions": {"_copies_for_work": {"executed_lines": [31], "summary": {"covered_lines": 1, "num_statements": 1, "percent_covered": 100.0, "percent_covered_display": "100", "missing_lines": 0, "excluded_lines": 0, "percent_statements_covered": 100.0, "percent_statements_covered_display": "100"}, "missing_lines": [], "excluded_lines": [], "start_line": 30}, "collection_turnover": {"executed_lines": [36, 37, 56, 66, 67], "summary": {"covered_lines": 5, "num_statements": 5, "percent_covered": 100.0, "percent_covered_display": "100", "missing_lines": 0, "excluded_lines": 0, "percent_statements_covered": 100.0, "percent_statements_covered_display": "100"}, "missing_lines": [], "excluded_lines": [], "start_line": 34}, "purchase_suggestions": {"executed_lines": [75, 94, 95, 96, 98, 99, 100, 108, 109], "summary": {"covered_lines": 9, "num_statements": 9, "percent_covered": 100.0, "percent_covered_display": "100", "missing_lines": 0, "excluded_lines": 0, "percent_statements_covered": 100.0, "percent_statements_covered_display": "100"}, "missing_lines": [], "excluded_lines": [], "start_line": 70}, "circulation_timeseries": {"executed_lines": [114, 115, 122], "summary": {"covered_lines": 3, "num_statements": 3, "percent_covered": 100.0, "percent_covered_display": "100", "missing_lines": 0, "excluded_lines": 0, "percent_statements_covered": 100.0, "percent_statements_covered_display": "100"}, "missing_lines": [], "excluded_lines": [], "start_line": 112}, "bi_export": {"executed_lines": [127, 128], "summary": {"covered_lines": 2, "num_statements": 2, "percent_covered": 100.0, "percent_covered_display": "100", "missing_lines": 0, "excluded_lines": 0, "percent_statements_covered": 100.0, "percent_statements_covered_display": "100"}, "missing_lines": [], "excluded_lines": [], "start_line": 125}, "": {"executed_lines": [8, 10, 12, 13, 14, 16, 27, 30, 34, 70, 112, 125], "summary": {"covered_lines": 12, "num_statements": 12, "percent_covered": 100.0, "percent_covered_display": "100", "missing_lines": 0, "excluded_lines": 0, "percent_statements_covered": 100.0, "percent_statements_covered_display": "100"}, "missing_lines": [], "excluded_lines": [], "start_line": 1}}, "classes": {"": {"executed_lines": [8, 10, 12, 13, 14, 16, 27, 30, 31, 34, 36, 37, 56, 66, 67, 70, 75, 94, 95, 96, 98, 99, 100, 108, 109, 112, 114, 115, 122, 125, 127, 128], "summary": {"covered_lines": 32, "num_statements": 32, "percent_covered": 100.0, "percent_covered_display": "100", "missing_lines": 0, "excluded_lines": 0, "percent_statements_covered": 100.0, "percent_statements_covered_display": "100"}, "missing_lines": [], "excluded_lines": [], "start_line": 1}}}, "library\\api.py": {"executed_lines": [2, 3, 5, 6, 7, 8, 14, 15, 16, 17, 19, 26, 41, 42, 49, 56, 57, 71, 73, 76, 82, 87, 88, 89, 96, 99, 102, 105, 106, 107, 108, 111, 112, 122, 123, 131, 133, 140, 153, 161, 170, 175, 182, 185, 195, 208, 209, 212, 214, 217, 218, 228, 234, 236, 238, 241, 242, 245, 246, 247, 248, 249, 252, 253, 255, 267, 268, 269, 270, 274, 283, 284, 295, 298, 303, 317, 320, 322, 326, 327, 329, 331, 332, 334, 335, 338, 341, 343, 350, 351, 353, 355, 356, 361, 362, 365, 366, 367, 372, 375, 376, 378, 379, 380, 381, 386, 392, 393, 396, 397, 398, 400, 401, 402, 403, 411, 412, 413, 415, 419, 420, 421, 422, 423, 424, 427, 428, 431, 432, 433, 436, 437, 438, 440, 444, 445, 446, 447, 448, 449, 452, 453, 458, 461, 462, 463, 465, 466, 467, 468, 469, 470, 471, 472, 473, 474, 477, 478, 479, 481, 482, 483, 484, 485, 486, 489, 492, 493, 494, 496, 497, 498, 499, 500, 501, 504, 507, 508, 509, 510, 512, 513, 514, 515, 520, 521, 522, 531, 532, 533, 534, 536, 537, 539, 540, 541, 542, 547, 548, 550, 554, 555, 556, 561, 562, 568, 569, 572, 577, 578, 579, 582, 583, 589, 590, 591, 592, 594, 595, 608, 609, 610, 611, 613, 614, 630, 632, 633, 636, 639, 642, 643, 644, 646, 647, 648, 649, 652, 655, 656, 657, 658, 659, 665, 666, 667, 668, 670, 679, 680, 691, 694, 697, 698, 699, 701, 702, 703, 704, 708, 709, 710, 715, 716, 717, 720, 724, 725, 728, 729, 732, 733, 734, 735, 737, 738, 739, 740, 741, 742, 743, 744, 745, 748, 751, 752, 753, 754, 756, 757, 758, 759, 760, 763, 764, 765, 767, 768, 771, 774, 777, 778, 781, 784, 785, 786, 788, 789, 790, 795, 796, 802, 803, 804, 807, 809, 810, 811, 812, 814, 815, 816, 818, 819, 820, 836, 837, 838, 851, 852, 853, 868, 869, 870, 876, 885, 886, 898, 899, 900, 902, 903, 904, 905, 910, 915, 916, 917, 919, 920, 921, 923, 924, 925, 926, 932, 933, 934, 945, 946, 947, 948, 953, 958, 961, 966, 979, 985, 986, 987, 988, 990, 991, 992, 993, 994, 995, 996, 997, 1000, 1001, 1002, 1003, 1005, 1006, 1007, 1009, 1010, 1015, 1016, 1017, 1057, 1058, 1059, 1060, 1062, 1063, 1064, 1065, 1067, 1068, 1069, 1070, 1071, 1072, 1077, 1082, 1085, 1086, 1087, 1088, 1090, 1091, 1092, 1094, 1095, 1096, 1101, 1104, 1107, 1110, 1111, 1112, 1114, 1115, 1116, 1117, 1119, 1120, 1121, 1122, 1125, 1139, 1142, 1143, 1144, 1146, 1147, 1148, 1149, 1151, 1152, 1155, 1156, 1157, 1166, 1167, 1174, 1179, 1182, 1183, 1184, 1186, 1187, 1188, 1190, 1191, 1192, 1193, 1211, 1216, 1219, 1220, 1222, 1223, 1225, 1227, 1228, 1229, 1230, 1231, 1232, 1233, 1250, 1253, 1254, 1255, 1257, 1289, 1292, 1293, 1294, 1296, 1297, 1298, 1300, 1301, 1306, 1312, 1314, 1315, 1316, 1318, 1319, 1320, 1321, 1324, 1325, 1326, 1327, 1329, 1330, 1331, 1333, 1334, 1337, 1338, 1341, 1345, 1346, 1347, 1349, 1350, 1352, 1353, 1355, 1357, 1358, 1363, 1364, 1365, 1368, 1369, 1370, 1371, 1372, 1375, 1380, 1383, 1384, 1385, 1387, 1388, 1390, 1391, 1396, 1399, 1426, 1427, 1437, 1438, 1447, 1448, 1449, 1451, 1452, 1453, 1454, 1456, 1457, 1458, 1459, 1460, 1461, 1464, 1467, 1468, 1469, 1471, 1472, 1473, 1475, 1476, 1477, 1478, 1481, 1484, 1485, 1486, 1488, 1489, 1490, 1491, 1493, 1494, 1495, 1496, 1501, 1504, 1505, 1506, 1508, 1509, 1510, 1512, 1513, 1514, 1515, 1518, 1521, 1524, 1525, 1527, 1528, 1529, 1531, 1532, 1533, 1534, 1537, 1540, 1543, 1544, 1546, 1547, 1548, 1550, 1551, 1552, 1553, 1556, 1559, 1562, 1563, 1565, 1566, 1567, 1569, 1570, 1574, 1575, 1576, 1583, 1586, 1587, 1588, 1590, 1591, 1593, 1594, 1599, 1606, 1614, 1615, 1637, 1638, 1639, 1640, 1642, 1653, 1654, 1655, 1657, 1658, 1659, 1660, 1661, 1664, 1667, 1668, 1669, 1670, 1672, 1673, 1674, 1676, 1677, 1678, 1679, 1680, 1681, 1682, 1683, 1684, 1694, 1695, 1698, 1699, 1700, 1701, 1703, 1704, 1705, 1707, 1708, 1709, 1710, 1713, 1714, 1717, 1718, 1719, 1720, 1722, 1723, 1724, 1726, 1727, 1730, 1731, 1732, 1737, 1740, 1743, 1744, 1745, 1746, 1748, 1750, 1751, 1752, 1754, 1755, 1770, 1771, 1772, 1774, 1775, 1776, 1777, 1785, 1788, 1789, 1791, 1792, 1793, 1795, 1796, 1798, 1799, 1802, 1803, 1804, 1806, 1807, 1808, 1809, 1823, 1824, 1826, 1827, 1828, 1829, 1834, 1837, 1838, 1839, 1841, 1842, 1843, 1845, 1846, 1847, 1848, 1849, 1852, 1853, 1854, 1856, 1857, 1859, 1860, 1861, 1862, 1865, 1866, 1867, 1869, 1870, 1872, 1873, 1874, 1878, 1879, 1882, 1885, 1891, 1892, 1893, 1895, 1896, 1897, 1899, 1900, 1902, 1903, 1904, 1909, 1912, 1919, 1921, 1944, 1947, 1948, 1949, 1951, 1952, 1954, 1955, 1957, 1958, 1972, 1973, 1975, 1977, 1978, 1979, 1980, 1982, 1983, 1985, 1986, 1989, 1990, 1997, 2003, 2006, 2008, 2009, 2011, 2012, 2014, 2031, 2032, 2033, 2035, 2036, 2037, 2039, 2040, 2041, 2042, 2045, 2048, 2049, 2050, 2052, 2053, 2055, 2057, 2058, 2060, 2061, 2062, 2063, 2064, 2065, 2067, 2068, 2074, 2077, 2078, 2088, 2091, 2093, 2094, 2095, 2097, 2098, 2099, 2102, 2105, 2107, 2108, 2109, 2111, 2112, 2113, 2118, 2121, 2122, 2124, 2125, 2126, 2128, 2129, 2130, 2131, 2132, 2133, 2138, 2141, 2144, 2145, 2146, 2148, 2149, 2151, 2153, 2154, 2161, 2164, 2167, 2168, 2169, 2172, 2180, 2181, 2182, 2184, 2186, 2188, 2189, 2192, 2196, 2197, 2206, 2207, 2211, 2212, 2215, 2218, 2221, 2222, 2224, 2225, 2226, 2228, 2229, 2230, 2240, 2241, 2243, 2244, 2245, 2246, 2247, 2250, 2251, 2252, 2253, 2254, 2255, 2256, 2257, 2259, 2260, 2261, 2262, 2263, 2264, 2278, 2279, 2280, 2281, 2283, 2284, 2286, 2287, 2288, 2289, 2291, 2292, 2301, 2304, 2305, 2306, 2307, 2309, 2310, 2312, 2313, 2314, 2315, 2319, 2322, 2323, 2324, 2325, 2327, 2328, 2329, 2331, 2332, 2333, 2334, 2337, 2340, 2341, 2342, 2343, 2345, 2346, 2347, 2349, 2350, 2351, 2352, 2353, 2356, 2359, 2360, 2361, 2362, 2364, 2365, 2366, 2368, 2369, 2370, 2371, 2374, 2383, 2386, 2387, 2388, 2390, 2391, 2392, 2394, 2395, 2396, 2397, 2398, 2399, 2416, 2417, 2418, 2419, 2421, 2422, 2423, 2425, 2426, 2427, 2428, 2429, 2435, 2438, 2439, 2440, 2441, 2443, 2444, 2445, 2447, 2448, 2449, 2450, 2451, 2457, 2462, 2463, 2464, 2465, 2467, 2488, 2489, 2490, 2491, 2493, 2494, 2496, 2497, 2498, 2501, 2502, 2503, 2504, 2506, 2507, 2509, 2511, 2512, 2513, 2514, 2515, 2521, 2522, 2523, 2524, 2526, 2527, 2529, 2530, 2531, 2532, 2533, 2534, 2535, 2541, 2542, 2543, 2544, 2546, 2580, 2581, 2583, 2584, 2586, 2587, 2588, 2594, 2597, 2598, 2600, 2601, 2602, 2604, 2605, 2608, 2609, 2616, 2619, 2620, 2622, 2623, 2624, 2626, 2627, 2628, 2635, 2638, 2639, 2641, 2642, 2644, 2645, 2650, 2651, 2652, 2653, 2654, 2660, 2661, 2662, 2664, 2674, 2675, 2676, 2677, 2679, 2680, 2682, 2683, 2686, 2689, 2691, 2692, 2694, 2696, 2697, 2699, 2700, 2704, 2705, 2709], "summary": {"covered_lines": 1137, "num_statements": 1363, "percent_covered": 83.41892883345561, "percent_covered_display": "83", "missing_lines": 226, "excluded_lines": 0, "percent_statements_covered": 83.41892883345561, "percent_statements_covered_display": "83"}, "missing_lines": [83, 219, 220, 221, 224, 225, 237, 243, 293, 294, 330, 333, 354, 357, 363, 364, 382, 456, 457, 487, 488, 502, 503, 516, 543, 557, 563, 564, 565, 566, 567, 570, 571, 573, 580, 581, 596, 597, 598, 599, 600, 601, 604, 605, 615, 616, 617, 618, 619, 620, 621, 622, 623, 626, 627, 660, 689, 690, 726, 727, 746, 747, 766, 769, 770, 791, 827, 844, 860, 927, 928, 936, 949, 962, 975, 976, 977, 978, 1011, 1073, 1080, 1081, 1097, 1170, 1171, 1203, 1204, 1207, 1208, 1237, 1238, 1240, 1243, 1244, 1245, 1246, 1247, 1258, 1260, 1261, 1262, 1266, 1267, 1268, 1269, 1270, 1271, 1272, 1273, 1275, 1279, 1280, 1281, 1282, 1283, 1284, 1302, 1359, 1366, 1367, 1392, 1462, 1463, 1479, 1480, 1497, 1498, 1499, 1500, 1516, 1517, 1535, 1536, 1554, 1555, 1579, 1580, 1643, 1645, 1646, 1647, 1648, 1651, 1692, 1693, 1711, 1712, 1735, 1736, 1783, 1784, 1797, 1832, 1833, 1880, 1881, 1901, 1905, 1956, 1981, 1987, 1988, 2013, 2043, 2044, 2066, 2072, 2073, 2136, 2137, 2185, 2190, 2213, 2214, 2290, 2299, 2300, 2354, 2355, 2372, 2373, 2400, 2401, 2404, 2405, 2406, 2407, 2408, 2409, 2410, 2433, 2434, 2455, 2456, 2468, 2469, 2471, 2472, 2473, 2474, 2480, 2481, 2482, 2483, 2536, 2537, 2538, 2547, 2549, 2550, 2556, 2557, 2558, 2559, 2560, 2561, 2592, 2593, 2606, 2607, 2665, 2667, 2668, 2669, 2695, 2698], "excluded_lines": [], "functions": {"_reject_upload": {"executed_lines": [82, 87, 88, 89, 96], "summary": {"covered_lines": 5, "num_statements": 6, "percent_covered": 83.33333333333333, "percent_covered_display": "83", "missing_lines": 1, "excluded_lines": 0, "percent_statements_covered": 83.33333333333333, "percent_statements_covered_display": "83"}, "missing_lines": [83], "excluded_lines": [], "start_line": 76}, "_csv_safe": {"executed_lines": [105, 106, 107, 108], "summary": {"covered_lines": 4, "num_statements": 4, "percent_covered": 100.0, "percent_covered_display": "100", "missing_lines": 0, "excluded_lines": 0, "percent_statements_covered": 100.0, "percent_statements_covered_display": "100"}, "missing_lines": [], "excluded_lines": [], "start_line": 102}, "_import_batch_dict": {"executed_lines": [112, 122, 123, 131], "summary": {"covered_lines": 4, "num_statements": 4, "percent_covered": 100.0, "percent_covered_display": "100", "missing_lines": 0, "excluded_lines": 0, "percent_statements_covered": 100.0, "percent_statements_covered_display": "100"}, "missing_lines": [], "excluded_lines": [], "start_line": 111}, "api_organization": {"executed_lines": [209], "summary": {"covered_lines": 1, "num_statements": 1, "percent_covered": 100.0, "percent_covered_display": "100", "missing_lines": 0, "excluded_lines": 0, "percent_statements_covered": 100.0, "percent_statements_covered_display": "100"}, "missing_lines": [], "excluded_lines": [], "start_line": 208}, "staff_api_organization": {"executed_lines": [214, 217, 218], "summary": {"covered_lines": 3, "num_statements": 8, "percent_covered": 37.5, "percent_covered_display": "38", "missing_lines": 5, "excluded_lines": 0, "percent_statements_covered": 37.5, "percent_statements_covered_display": "38"}, "missing_lines": [219, 220, 221, 224, 225], "excluded_lines": [], "start_line": 212}, "_search_rate_limited": {"executed_lines": [234, 236, 238], "summary": {"covered_lines": 3, "num_statements": 4, "percent_covered": 75.0, "percent_covered_display": "75", "missing_lines": 1, "excluded_lines": 0, "percent_statements_covered": 75.0, "percent_statements_covered_display": "75"}, "missing_lines": [237], "excluded_lines": [], "start_line": 228}, "_api_requester_hash": {"executed_lines": [242, 245, 246, 247, 248, 249], "summary": {"covered_lines": 6, "num_statements": 7, "percent_covered": 85.71428571428571, "percent_covered_display": "86", "missing_lines": 1, "excluded_lines": 0, "percent_statements_covered": 85.71428571428571, "percent_statements_covered_display": "86"}, "missing_lines": [243], "excluded_lines": [], "start_line": 241}, "CatalogSearchAPI.get": {"executed_lines": [268, 269, 270, 274, 283, 284, 295, 298, 303], "summary": {"covered_lines": 9, "num_statements": 11, "percent_covered": 81.81818181818181, "percent_covered_display": "82", "missing_lines": 2, "excluded_lines": 0, "percent_statements_covered": 81.81818181818181, "percent_statements_covered_display": "82"}, "missing_lines": [293, 294], "excluded_lines": [], "start_line": 267}, "SearchSuggestAPI.get": {"executed_lines": [327, 329, 331, 332, 334, 335], "summary": {"covered_lines": 6, "num_statements": 8, "percent_covered": 75.0, "percent_covered_display": "75", "missing_lines": 2, "excluded_lines": 0, "percent_statements_covered": 75.0, "percent_statements_covered_display": "75"}, "missing_lines": [330, 333], "excluded_lines": [], "start_line": 326}, "SemanticSearchAPI.get": {"executed_lines": [351, 353, 355, 356, 361, 362, 365, 366, 367, 372], "summary": {"covered_lines": 10, "num_statements": 14, "percent_covered": 71.42857142857143, "percent_covered_display": "71", "missing_lines": 4, "excluded_lines": 0, "percent_statements_covered": 71.42857142857143, "percent_statements_covered_display": "71"}, "missing_lines": [354, 357, 363, 364], "excluded_lines": [], "start_line": 350}, "WorkDetailAPI.get": {"executed_lines": [380, 381, 386, 392, 393], "summary": {"covered_lines": 5, "num_statements": 6, "percent_covered": 83.33333333333333, "percent_covered_display": "83", "missing_lines": 1, "excluded_lines": 0, "percent_statements_covered": 83.33333333333333, "percent_statements_covered_display": "83"}, "missing_lines": [382], "excluded_lines": [], "start_line": 379}, "AccountAPI.get": {"executed_lines": [402, 403], "summary": {"covered_lines": 2, "num_statements": 2, "percent_covered": 100.0, "percent_covered_display": "100", "missing_lines": 0, "excluded_lines": 0, "percent_statements_covered": 100.0, "percent_statements_covered_display": "100"}, "missing_lines": [], "excluded_lines": [], "start_line": 401}, "BorrowAPI.post": {"executed_lines": [420, 421, 422, 423, 424, 427, 428, 431, 432, 433], "summary": {"covered_lines": 10, "num_statements": 10, "percent_covered": 100.0, "percent_covered_display": "100", "missing_lines": 0, "excluded_lines": 0, "percent_statements_covered": 100.0, "percent_statements_covered_display": "100"}, "missing_lines": [], "excluded_lines": [], "start_line": 419}, "PlaceHoldAPI.post": {"executed_lines": [445, 446, 447, 448, 449, 452, 453, 458], "summary": {"covered_lines": 8, "num_statements": 10, "percent_covered": 80.0, "percent_covered_display": "80", "missing_lines": 2, "excluded_lines": 0, "percent_statements_covered": 80.0, "percent_statements_covered_display": "80"}, "missing_lines": [456, 457], "excluded_lines": [], "start_line": 444}, "RenewLoanAPI.post": {"executed_lines": [467, 468, 469, 470, 471, 472, 473, 474], "summary": {"covered_lines": 8, "num_statements": 8, "percent_covered": 100.0, "percent_covered_display": "100", "missing_lines": 0, "excluded_lines": 0, "percent_statements_covered": 100.0, "percent_statements_covered_display": "100"}, "missing_lines": [], "excluded_lines": [], "start_line": 466}, "ReturnLoanAPI.post": {"executed_lines": [483, 484, 485, 486, 489], "summary": {"covered_lines": 5, "num_statements": 7, "percent_covered": 71.42857142857143, "percent_covered_display": "71", "missing_lines": 2, "excluded_lines": 0, "percent_statements_covered": 71.42857142857143, "percent_statements_covered_display": "71"}, "missing_lines": [487, 488], "excluded_lines": [], "start_line": 482}, "CancelHoldAPI.post": {"executed_lines": [498, 499, 500, 501, 504], "summary": {"covered_lines": 5, "num_statements": 7, "percent_covered": 71.42857142857143, "percent_covered_display": "71", "missing_lines": 2, "excluded_lines": 0, "percent_statements_covered": 71.42857142857143, "percent_statements_covered_display": "71"}, "missing_lines": [502, 503], "excluded_lines": [], "start_line": 497}, "LibrarianDashboardAPI.get": {"executed_lines": [514, 515, 520, 521, 522], "summary": {"covered_lines": 5, "num_statements": 6, "percent_covered": 83.33333333333333, "percent_covered_display": "83", "missing_lines": 1, "excluded_lines": 0, "percent_statements_covered": 83.33333333333333, "percent_statements_covered_display": "83"}, "missing_lines": [516], "excluded_lines": [], "start_line": 513}, "LibrarianImportsAPI._organization": {"executed_lines": [537], "summary": {"covered_lines": 1, "num_statements": 1, "percent_covered": 100.0, "percent_covered_display": "100", "missing_lines": 0, "excluded_lines": 0, "percent_statements_covered": 100.0, "percent_statements_covered_display": "100"}, "missing_lines": [], "excluded_lines": [], "start_line": 536}, "LibrarianImportsAPI.get": {"executed_lines": [541, 542, 547, 548], "summary": {"covered_lines": 4, "num_statements": 5, "percent_covered": 80.0, "percent_covered_display": "80", "missing_lines": 1, "excluded_lines": 0, "percent_statements_covered": 80.0, "percent_statements_covered_display": "80"}, "missing_lines": [543], "excluded_lines": [], "start_line": 540}, "LibrarianImportsAPI.post": {"executed_lines": [555, 556, 561, 562, 568, 569, 572, 577, 578, 579, 582, 583], "summary": {"covered_lines": 12, "num_statements": 23, "percent_covered": 52.17391304347826, "percent_covered_display": "52", "missing_lines": 11, "excluded_lines": 0, "percent_statements_covered": 52.17391304347826, "percent_statements_covered_display": "52"}, "missing_lines": [557, 563, 564, 565, 566, 567, 570, 571, 573, 580, 581], "excluded_lines": [], "start_line": 554}, "LibrarianImportCommitAPI.post": {"executed_lines": [], "summary": {"covered_lines": 0, "num_statements": 8, "percent_covered": 0.0, "percent_covered_display": "0", "missing_lines": 8, "excluded_lines": 0, "percent_statements_covered": 0.0, "percent_statements_covered_display": "0"}, "missing_lines": [596, 597, 598, 599, 600, 601, 604, 605], "excluded_lines": [], "start_line": 595}, "LibrarianImportRollbackAPI.post": {"executed_lines": [], "summary": {"covered_lines": 0, "num_statements": 11, "percent_covered": 0.0, "percent_covered_display": "0", "missing_lines": 11, "excluded_lines": 0, "percent_statements_covered": 0.0, "percent_statements_covered_display": "0"}, "missing_lines": [615, 616, 617, 618, 619, 620, 621, 622, 623, 626, 627], "excluded_lines": [], "start_line": 614}, "_require_branch": {"executed_lines": [632, 633, 636], "summary": {"covered_lines": 3, "num_statements": 3, "percent_covered": 100.0, "percent_covered_display": "100", "missing_lines": 0, "excluded_lines": 0, "percent_statements_covered": 100.0, "percent_statements_covered_display": "100"}, "missing_lines": [], "excluded_lines": [], "start_line": 630}, "StaffCheckoutAPI.post": {"executed_lines": [647, 648, 649, 652, 655, 656, 657, 658, 659, 665, 666, 667, 668, 670, 679, 680, 691], "summary": {"covered_lines": 17, "num_statements": 20, "percent_covered": 85.0, "percent_covered_display": "85", "missing_lines": 3, "excluded_lines": 0, "percent_statements_covered": 85.0, "percent_statements_covered_display": "85"}, "missing_lines": [660, 689, 690], "excluded_lines": [], "start_line": 646}, "StaffCheckinAPI.post": {"executed_lines": [702, 703, 704, 708, 709, 710, 715, 716, 717, 720, 724, 725, 728, 729], "summary": {"covered_lines": 14, "num_statements": 16, "percent_covered": 87.5, "percent_covered_display": "88", "missing_lines": 2, "excluded_lines": 0, "percent_statements_covered": 87.5, "percent_statements_covered_display": "88"}, "missing_lines": [726, 727], "excluded_lines": [], "start_line": 701}, "CopyRetireAPI.post": {"executed_lines": [738, 739, 740, 741, 742, 743, 744, 745, 748], "summary": {"covered_lines": 9, "num_statements": 11, "percent_covered": 81.81818181818181, "percent_covered_display": "82", "missing_lines": 2, "excluded_lines": 0, "percent_statements_covered": 81.81818181818181, "percent_statements_covered_display": "82"}, "missing_lines": [746, 747], "excluded_lines": [], "start_line": 737}, "CopyMoveAPI.post": {"executed_lines": [757, 758, 759, 760, 763, 764, 765, 767, 768, 771], "summary": {"covered_lines": 10, "num_statements": 13, "percent_covered": 76.92307692307692, "percent_covered_display": "77", "missing_lines": 3, "excluded_lines": 0, "percent_statements_covered": 76.92307692307692, "percent_statements_covered_display": "77"}, "missing_lines": [766, 769, 770], "excluded_lines": [], "start_line": 756}, "_CSVEcho.write": {"executed_lines": [778], "summary": {"covered_lines": 1, "num_statements": 1, "percent_covered": 100.0, "percent_covered_display": "100", "missing_lines": 0, "excluded_lines": 0, "percent_statements_covered": 100.0, "percent_statements_covered_display": "100"}, "missing_lines": [], "excluded_lines": [], "start_line": 777}, "LibrarianExportAPI.get": {"executed_lines": [789, 790, 795, 796, 802, 803, 804, 807, 809, 814, 815, 816], "summary": {"covered_lines": 12, "num_statements": 13, "percent_covered": 92.3076923076923, "percent_covered_display": "92", "missing_lines": 1, "excluded_lines": 0, "percent_statements_covered": 92.3076923076923, "percent_statements_covered_display": "92"}, "missing_lines": [791], "excluded_lines": [], "start_line": 788}, "LibrarianExportAPI.get.stream": {"executed_lines": [810, 811, 812], "summary": {"covered_lines": 3, "num_statements": 3, "percent_covered": 100.0, "percent_covered_display": "100", "missing_lines": 0, "excluded_lines": 0, "percent_statements_covered": 100.0, "percent_statements_covered_display": "100"}, "missing_lines": [], "excluded_lines": [], "start_line": 809}, "LibrarianExportAPI._loans": {"executed_lines": [819, 820], "summary": {"covered_lines": 2, "num_statements": 3, "percent_covered": 66.66666666666667, "percent_covered_display": "67", "missing_lines": 1, "excluded_lines": 0, "percent_statements_covered": 66.66666666666667, "percent_statements_covered_display": "67"}, "missing_lines": [827], "excluded_lines": [], "start_line": 818}, "LibrarianExportAPI._overdue": {"executed_lines": [837, 838], "summary": {"covered_lines": 2, "num_statements": 3, "percent_covered": 66.66666666666667, "percent_covered_display": "67", "missing_lines": 1, "excluded_lines": 0, "percent_statements_covered": 66.66666666666667, "percent_statements_covered_display": "67"}, "missing_lines": [844], "excluded_lines": [], "start_line": 836}, "LibrarianExportAPI._holds": {"executed_lines": [852, 853], "summary": {"covered_lines": 2, "num_statements": 3, "percent_covered": 66.66666666666667, "percent_covered_display": "67", "missing_lines": 1, "excluded_lines": 0, "percent_statements_covered": 66.66666666666667, "percent_statements_covered_display": "67"}, "missing_lines": [860], "excluded_lines": [], "start_line": 851}, "LibrarianExportAPI._inventory": {"executed_lines": [869, 870, 876], "summary": {"covered_lines": 3, "num_statements": 3, "percent_covered": 100.0, "percent_covered_display": "100", "missing_lines": 0, "excluded_lines": 0, "percent_statements_covered": 100.0, "percent_statements_covered_display": "100"}, "missing_lines": [], "excluded_lines": [], "start_line": 868}, "_fee_dict": {"executed_lines": [886], "summary": {"covered_lines": 1, "num_statements": 1, "percent_covered": 100.0, "percent_covered_display": "100", "missing_lines": 0, "excluded_lines": 0, "percent_statements_covered": 100.0, "percent_statements_covered_display": "100"}, "missing_lines": [], "excluded_lines": [], "start_line": 885}, "AccountFeesAPI.get": {"executed_lines": [904, 905, 910], "summary": {"covered_lines": 3, "num_statements": 3, "percent_covered": 100.0, "percent_covered_display": "100", "missing_lines": 0, "excluded_lines": 0, "percent_statements_covered": 100.0, "percent_statements_covered_display": "100"}, "missing_lines": [], "excluded_lines": [], "start_line": 903}, "PayFeesAPI.post": {"executed_lines": [921, 923, 924, 925, 926, 932, 933, 934, 945, 946, 947, 948, 953, 958, 961, 966, 979], "summary": {"covered_lines": 17, "num_statements": 26, "percent_covered": 65.38461538461539, "percent_covered_display": "65", "missing_lines": 9, "excluded_lines": 0, "percent_statements_covered": 65.38461538461539, "percent_statements_covered_display": "65"}, "missing_lines": [927, 928, 936, 949, 962, 975, 976, 977, 978], "excluded_lines": [], "start_line": 920}, "WaiveFeeAPI.post": {"executed_lines": [992, 993, 994, 995, 996, 997], "summary": {"covered_lines": 6, "num_statements": 6, "percent_covered": 100.0, "percent_covered_display": "100", "missing_lines": 0, "excluded_lines": 0, "percent_statements_covered": 100.0, "percent_statements_covered_display": "100"}, "missing_lines": [], "excluded_lines": [], "start_line": 991}, "BillingAPI.get": {"executed_lines": [1007, 1009, 1010, 1015, 1016, 1017], "summary": {"covered_lines": 6, "num_statements": 7, "percent_covered": 85.71428571428571, "percent_covered_display": "86", "missing_lines": 1, "excluded_lines": 0, "percent_statements_covered": 85.71428571428571, "percent_statements_covered_display": "86"}, "missing_lines": [1011], "excluded_lines": [], "start_line": 1006}, "ChangePlanAPI.post": {"executed_lines": [1064, 1065, 1067, 1068, 1069, 1070, 1071, 1072, 1077, 1082], "summary": {"covered_lines": 10, "num_statements": 13, "percent_covered": 76.92307692307692, "percent_covered_display": "77", "missing_lines": 3, "excluded_lines": 0, "percent_statements_covered": 76.92307692307692, "percent_statements_covered_display": "77"}, "missing_lines": [1073, 1080, 1081], "excluded_lines": [], "start_line": 1063}, "CancelSubscriptionAPI.post": {"executed_lines": [1092, 1094, 1095, 1096, 1101, 1104], "summary": {"covered_lines": 6, "num_statements": 7, "percent_covered": 85.71428571428571, "percent_covered_display": "86", "missing_lines": 1, "excluded_lines": 0, "percent_statements_covered": 85.71428571428571, "percent_statements_covered_display": "86"}, "missing_lines": [1097], "excluded_lines": [], "start_line": 1091}, "CheckoutAPI.post": {"executed_lines": [1116, 1117, 1119, 1120, 1121, 1122, 1125], "summary": {"covered_lines": 7, "num_statements": 7, "percent_covered": 100.0, "percent_covered_display": "100", "missing_lines": 0, "excluded_lines": 0, "percent_statements_covered": 100.0, "percent_statements_covered_display": "100"}, "missing_lines": [], "excluded_lines": [], "start_line": 1115}, "CheckoutCompleteAPI.post": {"executed_lines": [1148, 1149, 1151, 1152, 1155, 1156, 1157, 1166, 1167, 1174], "summary": {"covered_lines": 10, "num_statements": 12, "percent_covered": 83.33333333333333, "percent_covered_display": "83", "missing_lines": 2, "excluded_lines": 0, "percent_statements_covered": 83.33333333333333, "percent_statements_covered_display": "83"}, "missing_lines": [1170, 1171], "excluded_lines": [], "start_line": 1147}, "PaymentMethodAPI.post": {"executed_lines": [1188, 1190, 1191, 1192, 1193, 1211], "summary": {"covered_lines": 6, "num_statements": 10, "percent_covered": 60.0, "percent_covered_display": "60", "missing_lines": 4, "excluded_lines": 0, "percent_statements_covered": 60.0, "percent_statements_covered_display": "60"}, "missing_lines": [1203, 1204, 1207, 1208], "excluded_lines": [], "start_line": 1187}, "StripeWebhookAPI.post": {"executed_lines": [1223, 1225, 1227, 1228, 1229, 1230, 1231, 1232, 1233], "summary": {"covered_lines": 9, "num_statements": 17, "percent_covered": 52.94117647058823, "percent_covered_display": "53", "missing_lines": 8, "excluded_lines": 0, "percent_statements_covered": 52.94117647058823, "percent_statements_covered_display": "53"}, "missing_lines": [1237, 1238, 1240, 1243, 1244, 1245, 1246, 1247], "excluded_lines": [], "start_line": 1222}, "LibrarianMarcImportAPI.post": {"executed_lines": [], "summary": {"covered_lines": 0, "num_statements": 19, "percent_covered": 0.0, "percent_covered_display": "0", "missing_lines": 19, "excluded_lines": 0, "percent_statements_covered": 0.0, "percent_statements_covered_display": "0"}, "missing_lines": [1258, 1260, 1261, 1262, 1266, 1267, 1268, 1269, 1270, 1271, 1272, 1273, 1275, 1279, 1280, 1281, 1282, 1283, 1284], "excluded_lines": [], "start_line": 1257}, "MarcExportAPI.get": {"executed_lines": [1297, 1298, 1300, 1301, 1306, 1312, 1314, 1315, 1316, 1318, 1319, 1320, 1321], "summary": {"covered_lines": 13, "num_statements": 14, "percent_covered": 92.85714285714286, "percent_covered_display": "93", "missing_lines": 1, "excluded_lines": 0, "percent_statements_covered": 92.85714285714286, "percent_statements_covered_display": "93"}, "missing_lines": [1302], "excluded_lines": [], "start_line": 1296}, "EditionEnrichAPI.post": {"executed_lines": [1330, 1331, 1333, 1334, 1337, 1338], "summary": {"covered_lines": 6, "num_statements": 6, "percent_covered": 100.0, "percent_covered_display": "100", "missing_lines": 0, "excluded_lines": 0, "percent_statements_covered": 100.0, "percent_statements_covered_display": "100"}, "missing_lines": [], "excluded_lines": [], "start_line": 1329}, "LibrarianReportsAPI.get": {"executed_lines": [1350, 1352, 1353, 1355, 1357, 1358, 1363, 1364, 1365, 1368, 1369, 1370, 1371, 1372, 1375], "summary": {"covered_lines": 15, "num_statements": 18, "percent_covered": 83.33333333333333, "percent_covered_display": "83", "missing_lines": 3, "excluded_lines": 0, "percent_statements_covered": 83.33333333333333, "percent_statements_covered_display": "83"}, "missing_lines": [1359, 1366, 1367], "excluded_lines": [], "start_line": 1349}, "CirculationPoliciesAPI.get": {"executed_lines": [1388, 1390, 1391, 1396, 1399], "summary": {"covered_lines": 5, "num_statements": 6, "percent_covered": 83.33333333333333, "percent_covered_display": "83", "missing_lines": 1, "excluded_lines": 0, "percent_statements_covered": 83.33333333333333, "percent_statements_covered_display": "83"}, "missing_lines": [1392], "excluded_lines": [], "start_line": 1387}, "_digital_loan_dict": {"executed_lines": [1427], "summary": {"covered_lines": 1, "num_statements": 1, "percent_covered": 100.0, "percent_covered_display": "100", "missing_lines": 0, "excluded_lines": 0, "percent_statements_covered": 100.0, "percent_statements_covered_display": "100"}, "missing_lines": [], "excluded_lines": [], "start_line": 1426}, "_digital_hold_dict": {"executed_lines": [1438], "summary": {"covered_lines": 1, "num_statements": 1, "percent_covered": 100.0, "percent_covered_display": "100", "missing_lines": 0, "excluded_lines": 0, "percent_statements_covered": 100.0, "percent_statements_covered_display": "100"}, "missing_lines": [], "excluded_lines": [], "start_line": 1437}, "BorrowDigitalAPI.post": {"executed_lines": [1452, 1453, 1454, 1456, 1457, 1458, 1459, 1460, 1461, 1464], "summary": {"covered_lines": 10, "num_statements": 12, "percent_covered": 83.33333333333333, "percent_covered_display": "83", "missing_lines": 2, "excluded_lines": 0, "percent_statements_covered": 83.33333333333333, "percent_statements_covered_display": "83"}, "missing_lines": [1462, 1463], "excluded_lines": [], "start_line": 1451}, "ReturnDigitalAPI.post": {"executed_lines": [1472, 1473, 1475, 1476, 1477, 1478, 1481], "summary": {"covered_lines": 7, "num_statements": 9, "percent_covered": 77.77777777777777, "percent_covered_display": "78", "missing_lines": 2, "excluded_lines": 0, "percent_statements_covered": 77.77777777777777, "percent_statements_covered_display": "78"}, "missing_lines": [1479, 1480], "excluded_lines": [], "start_line": 1471}, "PlaceDigitalHoldAPI.post": {"executed_lines": [1489, 1490, 1491, 1493, 1494, 1495, 1496, 1501], "summary": {"covered_lines": 8, "num_statements": 12, "percent_covered": 66.66666666666667, "percent_covered_display": "67", "missing_lines": 4, "excluded_lines": 0, "percent_statements_covered": 66.66666666666667, "percent_statements_covered_display": "67"}, "missing_lines": [1497, 1498, 1499, 1500], "excluded_lines": [], "start_line": 1488}, "CancelDigitalHoldAPI.post": {"executed_lines": [1509, 1510, 1512, 1513, 1514, 1515, 1518], "summary": {"covered_lines": 7, "num_statements": 9, "percent_covered": 77.77777777777777, "percent_covered_display": "78", "missing_lines": 2, "excluded_lines": 0, "percent_statements_covered": 77.77777777777777, "percent_statements_covered_display": "78"}, "missing_lines": [1516, 1517], "excluded_lines": [], "start_line": 1508}, "AccessDigitalAPI.get": {"executed_lines": [1528, 1529, 1531, 1532, 1533, 1534, 1537], "summary": {"covered_lines": 7, "num_statements": 9, "percent_covered": 77.77777777777777, "percent_covered_display": "78", "missing_lines": 2, "excluded_lines": 0, "percent_statements_covered": 77.77777777777777, "percent_statements_covered_display": "78"}, "missing_lines": [1535, 1536], "excluded_lines": [], "start_line": 1527}, "DigitalReaderAPI.get": {"executed_lines": [1547, 1548, 1550, 1551, 1552, 1553, 1556], "summary": {"covered_lines": 7, "num_statements": 9, "percent_covered": 77.77777777777777, "percent_covered_display": "78", "missing_lines": 2, "excluded_lines": 0, "percent_statements_covered": 77.77777777777777, "percent_statements_covered_display": "78"}, "missing_lines": [1554, 1555], "excluded_lines": [], "start_line": 1546}, "DigitalProgressAPI.post": {"executed_lines": [1566, 1567, 1569, 1570, 1574, 1575, 1576, 1583], "summary": {"covered_lines": 8, "num_statements": 10, "percent_covered": 80.0, "percent_covered_display": "80", "missing_lines": 2, "excluded_lines": 0, "percent_statements_covered": 80.0, "percent_statements_covered_display": "80"}, "missing_lines": [1579, 1580], "excluded_lines": [], "start_line": 1565}, "DigitalAccountAPI.get": {"executed_lines": [1591, 1593, 1594, 1599, 1606], "summary": {"covered_lines": 5, "num_statements": 5, "percent_covered": 100.0, "percent_covered_display": "100", "missing_lines": 0, "excluded_lines": 0, "percent_statements_covered": 100.0, "percent_statements_covered_display": "100"}, "missing_lines": [], "excluded_lines": [], "start_line": 1590}, "_po_dict": {"executed_lines": [1615], "summary": {"covered_lines": 1, "num_statements": 1, "percent_covered": 100.0, "percent_covered_display": "100", "missing_lines": 0, "excluded_lines": 0, "percent_statements_covered": 100.0, "percent_statements_covered_display": "100"}, "missing_lines": [], "excluded_lines": [], "start_line": 1614}, "AcquisitionOrdersAPI.get": {"executed_lines": [], "summary": {"covered_lines": 0, "num_statements": 6, "percent_covered": 0.0, "percent_covered_display": "0", "missing_lines": 6, "excluded_lines": 0, "percent_statements_covered": 0.0, "percent_statements_covered_display": "0"}, "missing_lines": [1643, 1645, 1646, 1647, 1648, 1651], "excluded_lines": [], "start_line": 1642}, "AcquisitionOrdersAPI.post": {"executed_lines": [1654, 1655, 1657, 1658, 1659, 1660, 1661, 1664], "summary": {"covered_lines": 8, "num_statements": 8, "percent_covered": 100.0, "percent_covered_display": "100", "missing_lines": 0, "excluded_lines": 0, "percent_statements_covered": 100.0, "percent_statements_covered_display": "100"}, "missing_lines": [], "excluded_lines": [], "start_line": 1653}, "AcquisitionLinesAPI.post": {"executed_lines": [1673, 1674, 1676, 1677, 1678, 1679, 1680, 1681, 1682, 1683, 1684, 1694, 1695], "summary": {"covered_lines": 13, "num_statements": 15, "percent_covered": 86.66666666666667, "percent_covered_display": "87", "missing_lines": 2, "excluded_lines": 0, "percent_statements_covered": 86.66666666666667, "percent_statements_covered_display": "87"}, "missing_lines": [1692, 1693], "excluded_lines": [], "start_line": 1672}, "AcquisitionPlaceAPI.post": {"executed_lines": [1704, 1705, 1707, 1708, 1709, 1710, 1713, 1714], "summary": {"covered_lines": 8, "num_statements": 10, "percent_covered": 80.0, "percent_covered_display": "80", "missing_lines": 2, "excluded_lines": 0, "percent_statements_covered": 80.0, "percent_statements_covered_display": "80"}, "missing_lines": [1711, 1712], "excluded_lines": [], "start_line": 1703}, "AcquisitionReceiveAPI.post": {"executed_lines": [1723, 1724, 1726, 1727, 1730, 1731, 1732, 1737], "summary": {"covered_lines": 8, "num_statements": 10, "percent_covered": 80.0, "percent_covered_display": "80", "missing_lines": 2, "excluded_lines": 0, "percent_statements_covered": 80.0, "percent_statements_covered_display": "80"}, "missing_lines": [1735, 1736], "excluded_lines": [], "start_line": 1722}, "WorkReviewsAPI.get_permissions": {"executed_lines": [1744, 1745, 1746], "summary": {"covered_lines": 3, "num_statements": 3, "percent_covered": 100.0, "percent_covered_display": "100", "missing_lines": 0, "excluded_lines": 0, "percent_statements_covered": 100.0, "percent_statements_covered_display": "100"}, "missing_lines": [], "excluded_lines": [], "start_line": 1743}, "WorkReviewsAPI.get": {"executed_lines": [1751, 1752, 1754, 1755], "summary": {"covered_lines": 4, "num_statements": 4, "percent_covered": 100.0, "percent_covered_display": "100", "missing_lines": 0, "excluded_lines": 0, "percent_statements_covered": 100.0, "percent_statements_covered_display": "100"}, "missing_lines": [], "excluded_lines": [], "start_line": 1750}, "WorkReviewsAPI.post": {"executed_lines": [1771, 1772, 1774, 1775, 1776, 1777, 1785], "summary": {"covered_lines": 7, "num_statements": 9, "percent_covered": 77.77777777777777, "percent_covered_display": "78", "missing_lines": 2, "excluded_lines": 0, "percent_statements_covered": 77.77777777777777, "percent_statements_covered_display": "78"}, "missing_lines": [1783, 1784], "excluded_lines": [], "start_line": 1770}, "WorkRecommendationsAPI.get": {"executed_lines": [1792, 1793, 1795, 1796, 1798, 1799], "summary": {"covered_lines": 6, "num_statements": 7, "percent_covered": 85.71428571428571, "percent_covered_display": "86", "missing_lines": 1, "excluded_lines": 0, "percent_statements_covered": 85.71428571428571, "percent_statements_covered_display": "86"}, "missing_lines": [1797], "excluded_lines": [], "start_line": 1791}, "ReadingListsAPI.get": {"executed_lines": [1807, 1808, 1809], "summary": {"covered_lines": 3, "num_statements": 3, "percent_covered": 100.0, "percent_covered_display": "100", "missing_lines": 0, "excluded_lines": 0, "percent_statements_covered": 100.0, "percent_statements_covered_display": "100"}, "missing_lines": [], "excluded_lines": [], "start_line": 1806}, "ReadingListsAPI.post": {"executed_lines": [1824, 1826, 1827, 1828, 1829, 1834], "summary": {"covered_lines": 6, "num_statements": 8, "percent_covered": 75.0, "percent_covered_display": "75", "missing_lines": 2, "excluded_lines": 0, "percent_statements_covered": 75.0, "percent_statements_covered_display": "75"}, "missing_lines": [1832, 1833], "excluded_lines": [], "start_line": 1823}, "ReadingListItemsAPI.post": {"executed_lines": [1842, 1843, 1845, 1846, 1847, 1848, 1849], "summary": {"covered_lines": 7, "num_statements": 7, "percent_covered": 100.0, "percent_covered_display": "100", "missing_lines": 0, "excluded_lines": 0, "percent_statements_covered": 100.0, "percent_statements_covered_display": "100"}, "missing_lines": [], "excluded_lines": [], "start_line": 1841}, "AccountExportAPI.get": {"executed_lines": [1857, 1859, 1860, 1861, 1862], "summary": {"covered_lines": 5, "num_statements": 5, "percent_covered": 100.0, "percent_covered_display": "100", "missing_lines": 0, "excluded_lines": 0, "percent_statements_covered": 100.0, "percent_statements_covered_display": "100"}, "missing_lines": [], "excluded_lines": [], "start_line": 1856}, "AccountEraseAPI.post": {"executed_lines": [1870, 1872, 1873, 1874, 1878, 1879, 1882], "summary": {"covered_lines": 7, "num_statements": 9, "percent_covered": 77.77777777777777, "percent_covered_display": "78", "missing_lines": 2, "excluded_lines": 0, "percent_statements_covered": 77.77777777777777, "percent_statements_covered_display": "78"}, "missing_lines": [1880, 1881], "excluded_lines": [], "start_line": 1869}, "SupportPatronLookupAPI.get": {"executed_lines": [1896, 1897, 1899, 1900, 1902, 1903, 1904, 1909, 1912, 1919, 1921], "summary": {"covered_lines": 11, "num_statements": 13, "percent_covered": 84.61538461538461, "percent_covered_display": "85", "missing_lines": 2, "excluded_lines": 0, "percent_statements_covered": 84.61538461538461, "percent_statements_covered_display": "85"}, "missing_lines": [1901, 1905], "excluded_lines": [], "start_line": 1895}, "WebhookEndpointsAPI.get": {"executed_lines": [1952, 1954, 1955, 1957, 1958], "summary": {"covered_lines": 5, "num_statements": 6, "percent_covered": 83.33333333333333, "percent_covered_display": "83", "missing_lines": 1, "excluded_lines": 0, "percent_statements_covered": 83.33333333333333, "percent_statements_covered_display": "83"}, "missing_lines": [1956], "excluded_lines": [], "start_line": 1951}, "WebhookEndpointsAPI.post": {"executed_lines": [1973, 1975, 1977, 1978, 1979, 1980, 1982, 1983, 1985, 1986, 1989, 1990, 1997], "summary": {"covered_lines": 13, "num_statements": 16, "percent_covered": 81.25, "percent_covered_display": "81", "missing_lines": 3, "excluded_lines": 0, "percent_statements_covered": 81.25, "percent_statements_covered_display": "81"}, "missing_lines": [1981, 1987, 1988], "excluded_lines": [], "start_line": 1972}, "EventsAPI.get": {"executed_lines": [2009, 2011, 2012, 2014], "summary": {"covered_lines": 4, "num_statements": 5, "percent_covered": 80.0, "percent_covered_display": "80", "missing_lines": 1, "excluded_lines": 0, "percent_statements_covered": 80.0, "percent_statements_covered_display": "80"}, "missing_lines": [2013], "excluded_lines": [], "start_line": 2008}, "EventRegisterAPI.post": {"executed_lines": [2036, 2037, 2039, 2040, 2041, 2042, 2045], "summary": {"covered_lines": 7, "num_statements": 9, "percent_covered": 77.77777777777777, "percent_covered_display": "78", "missing_lines": 2, "excluded_lines": 0, "percent_statements_covered": 77.77777777777777, "percent_statements_covered_display": "78"}, "missing_lines": [2043, 2044], "excluded_lines": [], "start_line": 2035}, "RoomReserveAPI.post": {"executed_lines": [2053, 2055, 2057, 2058, 2060, 2061, 2062, 2063, 2064, 2065, 2067, 2068, 2074], "summary": {"covered_lines": 13, "num_statements": 16, "percent_covered": 81.25, "percent_covered_display": "81", "missing_lines": 3, "excluded_lines": 0, "percent_statements_covered": 81.25, "percent_statements_covered_display": "81"}, "missing_lines": [2066, 2072, 2073], "excluded_lines": [], "start_line": 2052}, "_ill_dict": {"executed_lines": [2078], "summary": {"covered_lines": 1, "num_statements": 1, "percent_covered": 100.0, "percent_covered_display": "100", "missing_lines": 0, "excluded_lines": 0, "percent_statements_covered": 100.0, "percent_statements_covered_display": "100"}, "missing_lines": [], "excluded_lines": [], "start_line": 2077}, "ConsortiumAvailabilityAPI.get": {"executed_lines": [2094, 2095, 2097, 2098, 2099], "summary": {"covered_lines": 5, "num_statements": 5, "percent_covered": 100.0, "percent_covered_display": "100", "missing_lines": 0, "excluded_lines": 0, "percent_statements_covered": 100.0, "percent_statements_covered_display": "100"}, "missing_lines": [], "excluded_lines": [], "start_line": 2093}, "ConsortiumSearchAPI.get": {"executed_lines": [2108, 2109, 2111, 2112, 2113], "summary": {"covered_lines": 5, "num_statements": 5, "percent_covered": 100.0, "percent_covered_display": "100", "missing_lines": 0, "excluded_lines": 0, "percent_statements_covered": 100.0, "percent_statements_covered_display": "100"}, "missing_lines": [], "excluded_lines": [], "start_line": 2107}, "IllRequestAPI.post": {"executed_lines": [2125, 2126, 2128, 2129, 2130, 2131, 2132, 2133, 2138], "summary": {"covered_lines": 9, "num_statements": 11, "percent_covered": 81.81818181818181, "percent_covered_display": "82", "missing_lines": 2, "excluded_lines": 0, "percent_statements_covered": 81.81818181818181, "percent_statements_covered_display": "82"}, "missing_lines": [2136, 2137], "excluded_lines": [], "start_line": 2124}, "IllListAPI.get": {"executed_lines": [2149, 2151, 2153, 2154, 2161], "summary": {"covered_lines": 5, "num_statements": 5, "percent_covered": 100.0, "percent_covered_display": "100", "missing_lines": 0, "excluded_lines": 0, "percent_statements_covered": 100.0, "percent_statements_covered_display": "100"}, "missing_lines": [], "excluded_lines": [], "start_line": 2148}, "IllActionAPI.post": {"executed_lines": [2181, 2182, 2184, 2186, 2188, 2189, 2192, 2196, 2197, 2206, 2207, 2211, 2212, 2215], "summary": {"covered_lines": 14, "num_statements": 18, "percent_covered": 77.77777777777777, "percent_covered_display": "78", "missing_lines": 4, "excluded_lines": 0, "percent_statements_covered": 77.77777777777777, "percent_statements_covered_display": "78"}, "missing_lines": [2185, 2190, 2213, 2214], "excluded_lines": [], "start_line": 2180}, "NotificationPrefsAPI.get_permissions": {"executed_lines": [2225, 2226], "summary": {"covered_lines": 2, "num_statements": 2, "percent_covered": 100.0, "percent_covered_display": "100", "missing_lines": 0, "excluded_lines": 0, "percent_statements_covered": 100.0, "percent_statements_covered_display": "100"}, "missing_lines": [], "excluded_lines": [], "start_line": 2224}, "NotificationPrefsAPI.get": {"executed_lines": [2229, 2230], "summary": {"covered_lines": 2, "num_statements": 2, "percent_covered": 100.0, "percent_covered_display": "100", "missing_lines": 0, "excluded_lines": 0, "percent_statements_covered": 100.0, "percent_statements_covered_display": "100"}, "missing_lines": [], "excluded_lines": [], "start_line": 2228}, "NotificationPrefsAPI.post": {"executed_lines": [2241, 2243, 2244, 2245, 2246, 2247, 2250, 2251, 2252, 2253, 2254, 2255, 2256, 2257, 2259, 2260, 2261, 2262, 2263, 2264], "summary": {"covered_lines": 20, "num_statements": 20, "percent_covered": 100.0, "percent_covered_display": "100", "missing_lines": 0, "excluded_lines": 0, "percent_statements_covered": 100.0, "percent_statements_covered_display": "100"}, "missing_lines": [], "excluded_lines": [], "start_line": 2240}, "BulkCopyAPI.post": {"executed_lines": [2284, 2286, 2287, 2288, 2289, 2291, 2292, 2301], "summary": {"covered_lines": 8, "num_statements": 11, "percent_covered": 72.72727272727273, "percent_covered_display": "73", "missing_lines": 3, "excluded_lines": 0, "percent_statements_covered": 72.72727272727273, "percent_statements_covered_display": "73"}, "missing_lines": [2290, 2299, 2300], "excluded_lines": [], "start_line": 2283}, "WeedCopiesAPI.post": {"executed_lines": [2310, 2312, 2313, 2314, 2315, 2319], "summary": {"covered_lines": 6, "num_statements": 6, "percent_covered": 100.0, "percent_covered_display": "100", "missing_lines": 0, "excluded_lines": 0, "percent_statements_covered": 100.0, "percent_statements_covered_display": "100"}, "missing_lines": [], "excluded_lines": [], "start_line": 2309}, "InventoryStartAPI.post": {"executed_lines": [2328, 2329, 2331, 2332, 2333, 2334, 2337], "summary": {"covered_lines": 7, "num_statements": 7, "percent_covered": 100.0, "percent_covered_display": "100", "missing_lines": 0, "excluded_lines": 0, "percent_statements_covered": 100.0, "percent_statements_covered_display": "100"}, "missing_lines": [], "excluded_lines": [], "start_line": 2327}, "InventoryScanAPI.post": {"executed_lines": [2346, 2347, 2349, 2350, 2351, 2352, 2353, 2356], "summary": {"covered_lines": 8, "num_statements": 10, "percent_covered": 80.0, "percent_covered_display": "80", "missing_lines": 2, "excluded_lines": 0, "percent_statements_covered": 80.0, "percent_statements_covered_display": "80"}, "missing_lines": [2354, 2355], "excluded_lines": [], "start_line": 2345}, "InventoryCloseAPI.post": {"executed_lines": [2365, 2366, 2368, 2369, 2370, 2371, 2374], "summary": {"covered_lines": 7, "num_statements": 9, "percent_covered": 77.77777777777777, "percent_covered_display": "78", "missing_lines": 2, "excluded_lines": 0, "percent_statements_covered": 77.77777777777777, "percent_statements_covered_display": "78"}, "missing_lines": [2372, 2373], "excluded_lines": [], "start_line": 2364}, "LoanExceptionAPI.post": {"executed_lines": [2391, 2392, 2394, 2395, 2396, 2397, 2398, 2399], "summary": {"covered_lines": 8, "num_statements": 17, "percent_covered": 47.05882352941177, "percent_covered_display": "47", "missing_lines": 9, "excluded_lines": 0, "percent_statements_covered": 47.05882352941177, "percent_statements_covered_display": "47"}, "missing_lines": [2400, 2401, 2404, 2405, 2406, 2407, 2408, 2409, 2410], "excluded_lines": [], "start_line": 2390}, "RefundAPI.post": {"executed_lines": [2422, 2423, 2425, 2426, 2427, 2428, 2429, 2435], "summary": {"covered_lines": 8, "num_statements": 10, "percent_covered": 80.0, "percent_covered_display": "80", "missing_lines": 2, "excluded_lines": 0, "percent_statements_covered": 80.0, "percent_statements_covered_display": "80"}, "missing_lines": [2433, 2434], "excluded_lines": [], "start_line": 2421}, "PaymentPlanAPI.post": {"executed_lines": [2444, 2445, 2447, 2448, 2449, 2450, 2451, 2457], "summary": {"covered_lines": 8, "num_statements": 10, "percent_covered": 80.0, "percent_covered_display": "80", "missing_lines": 2, "excluded_lines": 0, "percent_statements_covered": 80.0, "percent_statements_covered_display": "80"}, "missing_lines": [2455, 2456], "excluded_lines": [], "start_line": 2443}, "PaymentPlanPayAPI.post": {"executed_lines": [], "summary": {"covered_lines": 0, "num_statements": 10, "percent_covered": 0.0, "percent_covered_display": "0", "missing_lines": 10, "excluded_lines": 0, "percent_statements_covered": 0.0, "percent_statements_covered_display": "0"}, "missing_lines": [2468, 2469, 2471, 2472, 2473, 2474, 2480, 2481, 2482, 2483], "excluded_lines": [], "start_line": 2467}, "AmnestyAPI.post": {"executed_lines": [2494, 2496, 2497, 2498], "summary": {"covered_lines": 4, "num_statements": 4, "percent_covered": 100.0, "percent_covered_display": "100", "missing_lines": 0, "excluded_lines": 0, "percent_statements_covered": 100.0, "percent_statements_covered_display": "100"}, "missing_lines": [], "excluded_lines": [], "start_line": 2493}, "GlExportAPI.get": {"executed_lines": [2507, 2509, 2511, 2512, 2513, 2514, 2515], "summary": {"covered_lines": 7, "num_statements": 7, "percent_covered": 100.0, "percent_covered_display": "100", "missing_lines": 0, "excluded_lines": 0, "percent_statements_covered": 100.0, "percent_statements_covered_display": "100"}, "missing_lines": [], "excluded_lines": [], "start_line": 2506}, "AnalyticsAPI.get": {"executed_lines": [2527, 2529, 2530, 2531, 2532, 2533, 2534, 2535], "summary": {"covered_lines": 8, "num_statements": 11, "percent_covered": 72.72727272727273, "percent_covered_display": "73", "missing_lines": 3, "excluded_lines": 0, "percent_statements_covered": 72.72727272727273, "percent_statements_covered_display": "73"}, "missing_lines": [2536, 2537, 2538], "excluded_lines": [], "start_line": 2526}, "AuditLogAPI.get": {"executed_lines": [], "summary": {"covered_lines": 0, "num_statements": 9, "percent_covered": 0.0, "percent_covered_display": "0", "missing_lines": 9, "excluded_lines": 0, "percent_statements_covered": 0.0, "percent_statements_covered_display": "0"}, "missing_lines": [2547, 2549, 2550, 2556, 2557, 2558, 2559, 2560, 2561], "excluded_lines": [], "start_line": 2546}, "MfaEnrollAPI.post": {"executed_lines": [2584, 2586, 2587, 2588, 2594], "summary": {"covered_lines": 5, "num_statements": 7, "percent_covered": 71.42857142857143, "percent_covered_display": "71", "missing_lines": 2, "excluded_lines": 0, "percent_statements_covered": 71.42857142857143, "percent_statements_covered_display": "71"}, "missing_lines": [2592, 2593], "excluded_lines": [], "start_line": 2583}, "MfaConfirmAPI.post": {"executed_lines": [2601, 2602, 2604, 2605, 2608, 2609, 2616], "summary": {"covered_lines": 7, "num_statements": 9, "percent_covered": 77.77777777777777, "percent_covered_display": "78", "missing_lines": 2, "excluded_lines": 0, "percent_statements_covered": 77.77777777777777, "percent_statements_covered_display": "78"}, "missing_lines": [2606, 2607], "excluded_lines": [], "start_line": 2600}, "MfaVerifyAPI.post": {"executed_lines": [2623, 2624, 2626, 2627, 2628, 2635], "summary": {"covered_lines": 6, "num_statements": 6, "percent_covered": 100.0, "percent_covered_display": "100", "missing_lines": 0, "excluded_lines": 0, "percent_statements_covered": 100.0, "percent_statements_covered_display": "100"}, "missing_lines": [], "excluded_lines": [], "start_line": 2622}, "MfaDisableAPI.post": {"executed_lines": [2642, 2644, 2645, 2650, 2651, 2652, 2653, 2654], "summary": {"covered_lines": 8, "num_statements": 8, "percent_covered": 100.0, "percent_covered_display": "100", "missing_lines": 0, "excluded_lines": 0, "percent_statements_covered": 100.0, "percent_statements_covered_display": "100"}, "missing_lines": [], "excluded_lines": [], "start_line": 2641}, "RecommendationsAPI.get": {"executed_lines": [], "summary": {"covered_lines": 0, "num_statements": 4, "percent_covered": 0.0, "percent_covered_display": "0", "missing_lines": 4, "excluded_lines": 0, "percent_statements_covered": 0.0, "percent_statements_covered_display": "0"}, "missing_lines": [2665, 2667, 2668, 2669], "excluded_lines": [], "start_line": 2664}, "CatalogAssistAPI.post": {"executed_lines": [2680, 2682, 2683], "summary": {"covered_lines": 3, "num_statements": 3, "percent_covered": 100.0, "percent_covered_display": "100", "missing_lines": 0, "excluded_lines": 0, "percent_statements_covered": 100.0, "percent_statements_covered_display": "100"}, "missing_lines": [], "excluded_lines": [], "start_line": 2679}, "NlSearchAPI.get": {"executed_lines": [2692, 2694, 2696, 2697, 2699, 2700, 2704, 2705, 2709], "summary": {"covered_lines": 9, "num_statements": 11, "percent_covered": 81.81818181818181, "percent_covered_display": "82", "missing_lines": 2, "excluded_lines": 0, "percent_statements_covered": 81.81818181818181, "percent_statements_covered_display": "82"}, "missing_lines": [2695, 2698], "excluded_lines": [], "start_line": 2691}, "": {"executed_lines": [2, 3, 5, 6, 7, 8, 14, 15, 16, 17, 19, 26, 41, 42, 49, 56, 57, 71, 73, 76, 99, 102, 111, 133, 140, 153, 161, 170, 175, 182, 185, 195, 208, 212, 228, 241, 252, 253, 255, 267, 317, 320, 322, 326, 338, 341, 343, 350, 375, 376, 378, 379, 396, 397, 398, 400, 401, 411, 412, 413, 415, 419, 436, 437, 438, 440, 444, 461, 462, 463, 465, 466, 477, 478, 479, 481, 482, 492, 493, 494, 496, 497, 507, 508, 509, 510, 512, 513, 531, 532, 533, 534, 536, 539, 540, 550, 554, 589, 590, 591, 592, 594, 595, 608, 609, 610, 611, 613, 614, 630, 639, 642, 643, 644, 646, 694, 697, 698, 699, 701, 732, 733, 734, 735, 737, 751, 752, 753, 754, 756, 774, 777, 781, 784, 785, 786, 788, 818, 836, 851, 868, 885, 898, 899, 900, 902, 903, 915, 916, 917, 919, 920, 985, 986, 987, 988, 990, 991, 1000, 1001, 1002, 1003, 1005, 1006, 1057, 1058, 1059, 1060, 1062, 1063, 1085, 1086, 1087, 1088, 1090, 1091, 1107, 1110, 1111, 1112, 1114, 1115, 1139, 1142, 1143, 1144, 1146, 1147, 1179, 1182, 1183, 1184, 1186, 1187, 1216, 1219, 1220, 1222, 1250, 1253, 1254, 1255, 1257, 1289, 1292, 1293, 1294, 1296, 1324, 1325, 1326, 1327, 1329, 1341, 1345, 1346, 1347, 1349, 1380, 1383, 1384, 1385, 1387, 1426, 1437, 1447, 1448, 1449, 1451, 1467, 1468, 1469, 1471, 1484, 1485, 1486, 1488, 1504, 1505, 1506, 1508, 1521, 1524, 1525, 1527, 1540, 1543, 1544, 1546, 1559, 1562, 1563, 1565, 1586, 1587, 1588, 1590, 1614, 1637, 1638, 1639, 1640, 1642, 1653, 1667, 1668, 1669, 1670, 1672, 1698, 1699, 1700, 1701, 1703, 1717, 1718, 1719, 1720, 1722, 1740, 1743, 1748, 1750, 1770, 1788, 1789, 1791, 1802, 1803, 1804, 1806, 1823, 1837, 1838, 1839, 1841, 1852, 1853, 1854, 1856, 1865, 1866, 1867, 1869, 1885, 1891, 1892, 1893, 1895, 1944, 1947, 1948, 1949, 1951, 1972, 2003, 2006, 2008, 2031, 2032, 2033, 2035, 2048, 2049, 2050, 2052, 2077, 2088, 2091, 2093, 2102, 2105, 2107, 2118, 2121, 2122, 2124, 2141, 2144, 2145, 2146, 2148, 2164, 2167, 2168, 2169, 2172, 2180, 2218, 2221, 2222, 2224, 2228, 2240, 2278, 2279, 2280, 2281, 2283, 2304, 2305, 2306, 2307, 2309, 2322, 2323, 2324, 2325, 2327, 2340, 2341, 2342, 2343, 2345, 2359, 2360, 2361, 2362, 2364, 2383, 2386, 2387, 2388, 2390, 2416, 2417, 2418, 2419, 2421, 2438, 2439, 2440, 2441, 2443, 2462, 2463, 2464, 2465, 2467, 2488, 2489, 2490, 2491, 2493, 2501, 2502, 2503, 2504, 2506, 2521, 2522, 2523, 2524, 2526, 2541, 2542, 2543, 2544, 2546, 2580, 2581, 2583, 2597, 2598, 2600, 2619, 2620, 2622, 2638, 2639, 2641, 2660, 2661, 2662, 2664, 2674, 2675, 2676, 2677, 2679, 2686, 2689, 2691], "summary": {"covered_lines": 443, "num_statements": 443, "percent_covered": 100.0, "percent_covered_display": "100", "missing_lines": 0, "excluded_lines": 0, "percent_statements_covered": 100.0, "percent_statements_covered_display": "100"}, "missing_lines": [], "excluded_lines": [], "start_line": 1}}, "classes": {"CatalogSearchAPI": {"executed_lines": [268, 269, 270, 274, 283, 284, 295, 298, 303], "summary": {"covered_lines": 9, "num_statements": 11, "percent_covered": 81.81818181818181, "percent_covered_display": "82", "missing_lines": 2, "excluded_lines": 0, "percent_statements_covered": 81.81818181818181, "percent_statements_covered_display": "82"}, "missing_lines": [293, 294], "excluded_lines": [], "start_line": 252}, "SearchSuggestAPI": {"executed_lines": [327, 329, 331, 332, 334, 335], "summary": {"covered_lines": 6, "num_statements": 8, "percent_covered": 75.0, "percent_covered_display": "75", "missing_lines": 2, "excluded_lines": 0, "percent_statements_covered": 75.0, "percent_statements_covered_display": "75"}, "missing_lines": [330, 333], "excluded_lines": [], "start_line": 317}, "SemanticSearchAPI": {"executed_lines": [351, 353, 355, 356, 361, 362, 365, 366, 367, 372], "summary": {"covered_lines": 10, "num_statements": 14, "percent_covered": 71.42857142857143, "percent_covered_display": "71", "missing_lines": 4, "excluded_lines": 0, "percent_statements_covered": 71.42857142857143, "percent_statements_covered_display": "71"}, "missing_lines": [354, 357, 363, 364], "excluded_lines": [], "start_line": 338}, "WorkDetailAPI": {"executed_lines": [380, 381, 386, 392, 393], "summary": {"covered_lines": 5, "num_statements": 6, "percent_covered": 83.33333333333333, "percent_covered_display": "83", "missing_lines": 1, "excluded_lines": 0, "percent_statements_covered": 83.33333333333333, "percent_statements_covered_display": "83"}, "missing_lines": [382], "excluded_lines": [], "start_line": 375}, "AccountAPI": {"executed_lines": [402, 403], "summary": {"covered_lines": 2, "num_statements": 2, "percent_covered": 100.0, "percent_covered_display": "100", "missing_lines": 0, "excluded_lines": 0, "percent_statements_covered": 100.0, "percent_statements_covered_display": "100"}, "missing_lines": [], "excluded_lines": [], "start_line": 396}, "BorrowAPI": {"executed_lines": [420, 421, 422, 423, 424, 427, 428, 431, 432, 433], "summary": {"covered_lines": 10, "num_statements": 10, "percent_covered": 100.0, "percent_covered_display": "100", "missing_lines": 0, "excluded_lines": 0, "percent_statements_covered": 100.0, "percent_statements_covered_display": "100"}, "missing_lines": [], "excluded_lines": [], "start_line": 411}, "PlaceHoldAPI": {"executed_lines": [445, 446, 447, 448, 449, 452, 453, 458], "summary": {"covered_lines": 8, "num_statements": 10, "percent_covered": 80.0, "percent_covered_display": "80", "missing_lines": 2, "excluded_lines": 0, "percent_statements_covered": 80.0, "percent_statements_covered_display": "80"}, "missing_lines": [456, 457], "excluded_lines": [], "start_line": 436}, "RenewLoanAPI": {"executed_lines": [467, 468, 469, 470, 471, 472, 473, 474], "summary": {"covered_lines": 8, "num_statements": 8, "percent_covered": 100.0, "percent_covered_display": "100", "missing_lines": 0, "excluded_lines": 0, "percent_statements_covered": 100.0, "percent_statements_covered_display": "100"}, "missing_lines": [], "excluded_lines": [], "start_line": 461}, "ReturnLoanAPI": {"executed_lines": [483, 484, 485, 486, 489], "summary": {"covered_lines": 5, "num_statements": 7, "percent_covered": 71.42857142857143, "percent_covered_display": "71", "missing_lines": 2, "excluded_lines": 0, "percent_statements_covered": 71.42857142857143, "percent_statements_covered_display": "71"}, "missing_lines": [487, 488], "excluded_lines": [], "start_line": 477}, "CancelHoldAPI": {"executed_lines": [498, 499, 500, 501, 504], "summary": {"covered_lines": 5, "num_statements": 7, "percent_covered": 71.42857142857143, "percent_covered_display": "71", "missing_lines": 2, "excluded_lines": 0, "percent_statements_covered": 71.42857142857143, "percent_statements_covered_display": "71"}, "missing_lines": [502, 503], "excluded_lines": [], "start_line": 492}, "LibrarianDashboardAPI": {"executed_lines": [514, 515, 520, 521, 522], "summary": {"covered_lines": 5, "num_statements": 6, "percent_covered": 83.33333333333333, "percent_covered_display": "83", "missing_lines": 1, "excluded_lines": 0, "percent_statements_covered": 83.33333333333333, "percent_statements_covered_display": "83"}, "missing_lines": [516], "excluded_lines": [], "start_line": 507}, "LibrarianImportsAPI": {"executed_lines": [537, 541, 542, 547, 548, 555, 556, 561, 562, 568, 569, 572, 577, 578, 579, 582, 583], "summary": {"covered_lines": 17, "num_statements": 29, "percent_covered": 58.62068965517241, "percent_covered_display": "59", "missing_lines": 12, "excluded_lines": 0, "percent_statements_covered": 58.62068965517241, "percent_statements_covered_display": "59"}, "missing_lines": [543, 557, 563, 564, 565, 566, 567, 570, 571, 573, 580, 581], "excluded_lines": [], "start_line": 531}, "LibrarianImportCommitAPI": {"executed_lines": [], "summary": {"covered_lines": 0, "num_statements": 8, "percent_covered": 0.0, "percent_covered_display": "0", "missing_lines": 8, "excluded_lines": 0, "percent_statements_covered": 0.0, "percent_statements_covered_display": "0"}, "missing_lines": [596, 597, 598, 599, 600, 601, 604, 605], "excluded_lines": [], "start_line": 589}, "LibrarianImportRollbackAPI": {"executed_lines": [], "summary": {"covered_lines": 0, "num_statements": 11, "percent_covered": 0.0, "percent_covered_display": "0", "missing_lines": 11, "excluded_lines": 0, "percent_statements_covered": 0.0, "percent_statements_covered_display": "0"}, "missing_lines": [615, 616, 617, 618, 619, 620, 621, 622, 623, 626, 627], "excluded_lines": [], "start_line": 608}, "StaffCheckoutAPI": {"executed_lines": [647, 648, 649, 652, 655, 656, 657, 658, 659, 665, 666, 667, 668, 670, 679, 680, 691], "summary": {"covered_lines": 17, "num_statements": 20, "percent_covered": 85.0, "percent_covered_display": "85", "missing_lines": 3, "excluded_lines": 0, "percent_statements_covered": 85.0, "percent_statements_covered_display": "85"}, "missing_lines": [660, 689, 690], "excluded_lines": [], "start_line": 639}, "StaffCheckinAPI": {"executed_lines": [702, 703, 704, 708, 709, 710, 715, 716, 717, 720, 724, 725, 728, 729], "summary": {"covered_lines": 14, "num_statements": 16, "percent_covered": 87.5, "percent_covered_display": "88", "missing_lines": 2, "excluded_lines": 0, "percent_statements_covered": 87.5, "percent_statements_covered_display": "88"}, "missing_lines": [726, 727], "excluded_lines": [], "start_line": 694}, "CopyRetireAPI": {"executed_lines": [738, 739, 740, 741, 742, 743, 744, 745, 748], "summary": {"covered_lines": 9, "num_statements": 11, "percent_covered": 81.81818181818181, "percent_covered_display": "82", "missing_lines": 2, "excluded_lines": 0, "percent_statements_covered": 81.81818181818181, "percent_statements_covered_display": "82"}, "missing_lines": [746, 747], "excluded_lines": [], "start_line": 732}, "CopyMoveAPI": {"executed_lines": [757, 758, 759, 760, 763, 764, 765, 767, 768, 771], "summary": {"covered_lines": 10, "num_statements": 13, "percent_covered": 76.92307692307692, "percent_covered_display": "77", "missing_lines": 3, "excluded_lines": 0, "percent_statements_covered": 76.92307692307692, "percent_statements_covered_display": "77"}, "missing_lines": [766, 769, 770], "excluded_lines": [], "start_line": 751}, "_CSVEcho": {"executed_lines": [778], "summary": {"covered_lines": 1, "num_statements": 1, "percent_covered": 100.0, "percent_covered_display": "100", "missing_lines": 0, "excluded_lines": 0, "percent_statements_covered": 100.0, "percent_statements_covered_display": "100"}, "missing_lines": [], "excluded_lines": [], "start_line": 774}, "LibrarianExportAPI": {"executed_lines": [789, 790, 795, 796, 802, 803, 804, 807, 809, 810, 811, 812, 814, 815, 816, 819, 820, 837, 838, 852, 853, 869, 870, 876], "summary": {"covered_lines": 24, "num_statements": 28, "percent_covered": 85.71428571428571, "percent_covered_display": "86", "missing_lines": 4, "excluded_lines": 0, "percent_statements_covered": 85.71428571428571, "percent_statements_covered_display": "86"}, "missing_lines": [791, 827, 844, 860], "excluded_lines": [], "start_line": 781}, "AccountFeesAPI": {"executed_lines": [904, 905, 910], "summary": {"covered_lines": 3, "num_statements": 3, "percent_covered": 100.0, "percent_covered_display": "100", "missing_lines": 0, "excluded_lines": 0, "percent_statements_covered": 100.0, "percent_statements_covered_display": "100"}, "missing_lines": [], "excluded_lines": [], "start_line": 898}, "PayFeesAPI": {"executed_lines": [921, 923, 924, 925, 926, 932, 933, 934, 945, 946, 947, 948, 953, 958, 961, 966, 979], "summary": {"covered_lines": 17, "num_statements": 26, "percent_covered": 65.38461538461539, "percent_covered_display": "65", "missing_lines": 9, "excluded_lines": 0, "percent_statements_covered": 65.38461538461539, "percent_statements_covered_display": "65"}, "missing_lines": [927, 928, 936, 949, 962, 975, 976, 977, 978], "excluded_lines": [], "start_line": 915}, "WaiveFeeAPI": {"executed_lines": [992, 993, 994, 995, 996, 997], "summary": {"covered_lines": 6, "num_statements": 6, "percent_covered": 100.0, "percent_covered_display": "100", "missing_lines": 0, "excluded_lines": 0, "percent_statements_covered": 100.0, "percent_statements_covered_display": "100"}, "missing_lines": [], "excluded_lines": [], "start_line": 985}, "BillingAPI": {"executed_lines": [1007, 1009, 1010, 1015, 1016, 1017], "summary": {"covered_lines": 6, "num_statements": 7, "percent_covered": 85.71428571428571, "percent_covered_display": "86", "missing_lines": 1, "excluded_lines": 0, "percent_statements_covered": 85.71428571428571, "percent_statements_covered_display": "86"}, "missing_lines": [1011], "excluded_lines": [], "start_line": 1000}, "ChangePlanAPI": {"executed_lines": [1064, 1065, 1067, 1068, 1069, 1070, 1071, 1072, 1077, 1082], "summary": {"covered_lines": 10, "num_statements": 13, "percent_covered": 76.92307692307692, "percent_covered_display": "77", "missing_lines": 3, "excluded_lines": 0, "percent_statements_covered": 76.92307692307692, "percent_statements_covered_display": "77"}, "missing_lines": [1073, 1080, 1081], "excluded_lines": [], "start_line": 1057}, "CancelSubscriptionAPI": {"executed_lines": [1092, 1094, 1095, 1096, 1101, 1104], "summary": {"covered_lines": 6, "num_statements": 7, "percent_covered": 85.71428571428571, "percent_covered_display": "86", "missing_lines": 1, "excluded_lines": 0, "percent_statements_covered": 85.71428571428571, "percent_statements_covered_display": "86"}, "missing_lines": [1097], "excluded_lines": [], "start_line": 1085}, "CheckoutAPI": {"executed_lines": [1116, 1117, 1119, 1120, 1121, 1122, 1125], "summary": {"covered_lines": 7, "num_statements": 7, "percent_covered": 100.0, "percent_covered_display": "100", "missing_lines": 0, "excluded_lines": 0, "percent_statements_covered": 100.0, "percent_statements_covered_display": "100"}, "missing_lines": [], "excluded_lines": [], "start
[...]
rarian_imports": {"executed_lines": [539, 540, 541, 542, 543, 544, 545, 548, 554, 555, 556, 557, 558], "summary": {"covered_lines": 13, "num_statements": 14, "percent_covered": 92.85714285714286, "percent_covered_display": "93", "missing_lines": 1, "excluded_lines": 0, "percent_statements_covered": 92.85714285714286, "percent_statements_covered_display": "93"}, "missing_lines": [546], "excluded_lines": [], "start_line": 538}, "librarian_import_detail": {"executed_lines": [567, 568, 569, 570], "summary": {"covered_lines": 4, "num_statements": 4, "percent_covered": 100.0, "percent_covered_display": "100", "missing_lines": 0, "excluded_lines": 0, "percent_statements_covered": 100.0, "percent_statements_covered_display": "100"}, "missing_lines": [], "excluded_lines": [], "start_line": 566}, "librarian_import_commit": {"executed_lines": [580, 581, 582, 583, 584, 587], "summary": {"covered_lines": 6, "num_statements": 8, "percent_covered": 75.0, "percent_covered_display": "75", "missing_lines": 2, "excluded_lines": 0, "percent_statements_covered": 75.0, "percent_statements_covered_display": "75"}, "missing_lines": [585, 586], "excluded_lines": [], "start_line": 579}, "librarian_import_rollback": {"executed_lines": [593, 594, 595, 596, 597, 600], "summary": {"covered_lines": 6, "num_statements": 8, "percent_covered": 75.0, "percent_covered_display": "75", "missing_lines": 2, "excluded_lines": 0, "percent_statements_covered": 75.0, "percent_statements_covered_display": "75"}, "missing_lines": [598, 599], "excluded_lines": [], "start_line": 592}, "sso_login": {"executed_lines": [604, 606, 608, 609, 610, 611, 612, 613, 614, 615, 616], "summary": {"covered_lines": 11, "num_statements": 11, "percent_covered": 100.0, "percent_covered_display": "100", "missing_lines": 0, "excluded_lines": 0, "percent_statements_covered": 100.0, "percent_statements_covered_display": "100"}, "missing_lines": [], "excluded_lines": [], "start_line": 603}, "sso_callback": {"executed_lines": [624, 626, 628, 629, 630, 631, 634, 635, 636, 637, 638, 644, 645, 646, 647, 650, 651, 652, 653, 654], "summary": {"covered_lines": 20, "num_statements": 22, "percent_covered": 90.9090909090909, "percent_covered_display": "91", "missing_lines": 2, "excluded_lines": 0, "percent_statements_covered": 90.9090909090909, "percent_statements_covered_display": "91"}, "missing_lines": [648, 649], "excluded_lines": [], "start_line": 623}, "healthz": {"executed_lines": [659], "summary": {"covered_lines": 1, "num_statements": 1, "percent_covered": 100.0, "percent_covered_display": "100", "missing_lines": 0, "excluded_lines": 0, "percent_statements_covered": 100.0, "percent_statements_covered_display": "100"}, "missing_lines": [], "excluded_lines": [], "start_line": 657}, "digital_reader": {"executed_lines": [666, 668, 669, 673, 674, 675, 676, 677, 678], "summary": {"covered_lines": 9, "num_statements": 9, "percent_covered": 100.0, "percent_covered_display": "100", "missing_lines": 0, "excluded_lines": 0, "percent_statements_covered": 100.0, "percent_statements_covered_display": "100"}, "missing_lines": [], "excluded_lines": [], "start_line": 664}, "digital_content": {"executed_lines": [687, 688, 689, 690, 692, 693, 694, 695, 696, 697, 698, 699, 700, 702, 703, 708, 709, 710, 711, 712, 713, 714, 717, 718, 719, 720, 721, 722, 723, 724, 725, 726, 730, 731, 732, 733], "summary": {"covered_lines": 36, "num_statements": 42, "percent_covered": 85.71428571428571, "percent_covered_display": "86", "missing_lines": 6, "excluded_lines": 0, "percent_statements_covered": 85.71428571428571, "percent_statements_covered_display": "86"}, "missing_lines": [704, 705, 715, 716, 728, 729], "excluded_lines": [], "start_line": 681}, "mfa_challenge": {"executed_lines": [739, 740, 742, 743, 744, 745, 746, 747, 748, 749], "summary": {"covered_lines": 10, "num_statements": 10, "percent_covered": 100.0, "percent_covered_display": "100", "missing_lines": 0, "excluded_lines": 0, "percent_statements_covered": 100.0, "percent_statements_covered_display": "100"}, "missing_lines": [], "excluded_lines": [], "start_line": 737}, "mfa_enroll": {"executed_lines": [755, 756, 758, 759, 760, 761, 762, 763, 764, 768, 769, 770, 771, 772, 773, 774, 775, 776, 779, 780, 781, 785], "summary": {"covered_lines": 22, "num_statements": 24, "percent_covered": 91.66666666666667, "percent_covered_display": "92", "missing_lines": 2, "excluded_lines": 0, "percent_statements_covered": 91.66666666666667, "percent_statements_covered_display": "92"}, "missing_lines": [777, 778], "excluded_lines": [], "start_line": 753}, "terms": {"executed_lines": [789], "summary": {"covered_lines": 1, "num_statements": 1, "percent_covered": 100.0, "percent_covered_display": "100", "missing_lines": 0, "excluded_lines": 0, "percent_statements_covered": 100.0, "percent_statements_covered_display": "100"}, "missing_lines": [], "excluded_lines": [], "start_line": 788}, "privacy": {"executed_lines": [793], "summary": {"covered_lines": 1, "num_statements": 1, "percent_covered": 100.0, "percent_covered_display": "100", "missing_lines": 0, "excluded_lines": 0, "percent_statements_covered": 100.0, "percent_statements_covered_display": "100"}, "missing_lines": [], "excluded_lines": [], "start_line": 792}, "status_page": {"executed_lines": [798, 799, 800, 801, 802, 803, 806, 807, 808, 809, 810, 813, 814, 815], "summary": {"covered_lines": 14, "num_statements": 14, "percent_covered": 100.0, "percent_covered_display": "100", "missing_lines": 0, "excluded_lines": 4, "percent_statements_covered": 100.0, "percent_statements_covered_display": "100"}, "missing_lines": [], "excluded_lines": [804, 805, 811, 812], "start_line": 796}, "unsubscribe": {"executed_lines": [830, 832, 833, 834, 836, 837, 838, 839, 840, 841, 842], "summary": {"covered_lines": 11, "num_statements": 11, "percent_covered": 100.0, "percent_covered_display": "100", "missing_lines": 0, "excluded_lines": 0, "percent_statements_covered": 100.0, "percent_statements_covered_display": "100"}, "missing_lines": [], "excluded_lines": [], "start_line": 824}, "readyz": {"executed_lines": [853, 854, 855, 856, 857, 861, 862, 863, 868, 872], "summary": {"covered_lines": 10, "num_statements": 12, "percent_covered": 83.33333333333333, "percent_covered_display": "83", "missing_lines": 2, "excluded_lines": 6, "percent_statements_covered": 83.33333333333333, "percent_statements_covered_display": "83"}, "missing_lines": [864, 869], "excluded_lines": [858, 859, 860, 865, 866, 867], "start_line": 849}, "": {"executed_lines": [2, 3, 4, 5, 7, 8, 9, 10, 11, 12, 13, 14, 15, 16, 17, 18, 20, 21, 27, 34, 46, 47, 48, 49, 56, 66, 68, 71, 81, 99, 110, 159, 182, 183, 184, 201, 202, 213, 214, 215, 233, 234, 235, 251, 252, 253, 270, 271, 320, 321, 354, 355, 368, 369, 370, 380, 381, 382, 392, 393, 394, 404, 405, 429, 430, 476, 486, 487, 510, 511, 529, 537, 538, 565, 566, 577, 578, 579, 590, 591, 592, 603, 623, 657, 662, 663, 664, 681, 736, 737, 752, 753, 788, 792, 796, 823, 824, 849], "summary": {"covered_lines": 98, "num_statements": 98, "percent_covered": 100.0, "percent_covered_display": "100", "missing_lines": 0, "excluded_lines": 0, "percent_statements_covered": 100.0, "percent_statements_covered_display": "100"}, "missing_lines": [], "excluded_lines": [], "start_line": 1}}, "classes": {"": {"executed_lines": [2, 3, 4, 5, 7, 8, 9, 10, 11, 12, 13, 14, 15, 16, 17, 18, 20, 21, 27, 34, 46, 47, 48, 49, 56, 66, 68, 71, 73, 74, 77, 81, 88, 89, 90, 91, 92, 93, 94, 96, 99, 101, 103, 104, 107, 110, 111, 112, 114, 119, 124, 133, 134, 148, 154, 156, 159, 160, 162, 163, 165, 166, 169, 182, 183, 184, 185, 187, 188, 189, 195, 196, 197, 198, 201, 202, 203, 205, 207, 208, 209, 210, 213, 214, 215, 216, 218, 220, 221, 222, 223, 224, 225, 226, 227, 233, 234, 235, 236, 237, 238, 239, 240, 243, 244, 245, 248, 251, 252, 253, 254, 255, 256, 257, 258, 261, 262, 263, 264, 267, 270, 271, 272, 275, 276, 282, 283, 285, 286, 288, 289, 291, 292, 295, 296, 297, 298, 299, 300, 309, 310, 311, 312, 315, 320, 321, 322, 324, 325, 328, 333, 340, 354, 355, 356, 357, 358, 359, 360, 361, 362, 364, 365, 368, 369, 370, 371, 372, 373, 374, 377, 380, 381, 382, 383, 384, 385, 386, 389, 392, 393, 394, 395, 396, 397, 398, 401, 404, 405, 407, 408, 409, 410, 411, 412, 413, 414, 420, 421, 422, 423, 425, 426, 429, 430, 431, 432, 433, 434, 435, 436, 437, 438, 449, 452, 453, 461, 466, 467, 468, 469, 476, 479, 481, 486, 487, 488, 491, 492, 493, 494, 496, 497, 510, 511, 512, 514, 515, 517, 518, 521, 522, 529, 531, 532, 533, 534, 537, 538, 539, 540, 541, 542, 543, 544, 545, 548, 554, 555, 556, 557, 558, 565, 566, 567, 568, 569, 570, 577, 578, 579, 580, 581, 582, 583, 584, 587, 590, 591, 592, 593, 594, 595, 596, 597, 600, 603, 604, 606, 608, 609, 610, 611, 612, 613, 614, 615, 616, 623, 624, 626, 628, 629, 630, 631, 634, 635, 636, 637, 638, 644, 645, 646, 647, 650, 651, 652, 653, 654, 657, 659, 662, 663, 664, 666, 668, 669, 673, 674, 675, 676, 677, 678, 681, 687, 688, 689, 690, 692, 693, 694, 695, 696, 697, 698, 699, 700, 702, 703, 708, 709, 710, 711, 712, 713, 714, 717, 718, 719, 720, 721, 722, 723, 724, 725, 726, 730, 731, 732, 733, 736, 737, 739, 740, 742, 743, 744, 745, 746, 747, 748, 749, 752, 753, 755, 756, 758, 759, 760, 761, 762, 763, 764, 768, 769, 770, 771, 772, 773, 774, 775, 776, 779, 780, 781, 785, 788, 789, 792, 793, 796, 798, 799, 800, 801, 802, 803, 806, 807, 808, 809, 810, 813, 814, 815, 823, 824, 830, 832, 833, 834, 836, 837, 838, 839, 840, 841, 842, 849, 853, 854, 855, 856, 857, 861, 862, 863, 868, 872], "summary": {"covered_lines": 449, "num_statements": 513, "percent_covered": 87.5243664717349, "percent_covered_display": "88", "missing_lines": 64, "excluded_lines": 10, "percent_statements_covered": 87.5243664717349, "percent_statements_covered_display": "88"}, "missing_lines": [78, 102, 106, 113, 120, 121, 146, 147, 155, 164, 167, 168, 228, 229, 230, 246, 247, 265, 266, 273, 277, 284, 306, 307, 314, 375, 376, 387, 388, 399, 400, 439, 442, 443, 445, 448, 450, 451, 462, 463, 464, 465, 480, 495, 516, 519, 520, 546, 585, 586, 598, 599, 648, 649, 704, 705, 715, 716, 728, 729, 777, 778, 864, 869], "excluded_lines": [804, 805, 811, 812, 858, 859, 860, 865, 866, 867], "start_line": 1}}}, "library\\webhooks.py": {"executed_lines": [8, 10, 11, 12, 13, 14, 16, 17, 19, 20, 27, 28, 31, 33, 34, 36, 37, 38, 50, 51, 52, 53, 54, 59, 60, 63, 64, 67, 80, 81, 82, 83, 84, 87, 88, 94, 95, 96, 97, 98, 99, 100, 101, 102, 103, 104, 105, 106, 107, 108, 109, 110, 111, 114, 115, 116, 117, 118, 120, 121, 122, 133], "summary": {"covered_lines": 62, "num_statements": 70, "percent_covered": 88.57142857142857, "percent_covered_display": "89", "missing_lines": 8, "excluded_lines": 0, "percent_statements_covered": 88.57142857142857, "percent_statements_covered_display": "89"}, "missing_lines": [35, 68, 70, 71, 75, 76, 77, 113], "excluded_lines": [], "functions": {"enqueue_for_outbox_event": {"executed_lines": [33, 34, 36, 37, 38, 50, 51, 52, 53, 54, 59, 60], "summary": {"covered_lines": 12, "num_statements": 13, "percent_covered": 92.3076923076923, "percent_covered_display": "92", "missing_lines": 1, "excluded_lines": 0, "percent_statements_covered": 92.3076923076923, "percent_statements_covered_display": "92"}, "missing_lines": [35], "excluded_lines": [], "start_line": 31}, "_sign": {"executed_lines": [64], "summary": {"covered_lines": 1, "num_statements": 1, "percent_covered": 100.0, "percent_covered_display": "100", "missing_lines": 0, "excluded_lines": 0, "percent_statements_covered": 100.0, "percent_statements_covered_display": "100"}, "missing_lines": [], "excluded_lines": [], "start_line": 63}, "_default_post": {"executed_lines": [], "summary": {"covered_lines": 0, "num_statements": 6, "percent_covered": 0.0, "percent_covered_display": "0", "missing_lines": 6, "excluded_lines": 0, "percent_statements_covered": 0.0, "percent_statements_covered_display": "0"}, "missing_lines": [68, 70, 71, 75, 76, 77], "excluded_lines": [], "start_line": 67}, "deliver_webhooks": {"executed_lines": [81, 82, 83, 84, 87, 88, 94, 95, 96, 97, 98, 99, 100, 101, 102, 103, 104, 105, 106, 107, 108, 109, 110, 111, 114, 115, 116, 117, 118, 120, 121, 122, 133], "summary": {"covered_lines": 33, "num_statements": 34, "percent_covered": 97.05882352941177, "percent_covered_display": "97", "missing_lines": 1, "excluded_lines": 0, "percent_statements_covered": 97.05882352941177, "percent_statements_covered_display": "97"}, "missing_lines": [113], "excluded_lines": [], "start_line": 80}, "": {"executed_lines": [8, 10, 11, 12, 13, 14, 16, 17, 19, 20, 27, 28, 31, 63, 67, 80], "summary": {"covered_lines": 16, "num_statements": 16, "percent_covered": 100.0, "percent_covered_display": "100", "missing_lines": 0, "excluded_lines": 0, "percent_statements_covered": 100.0, "percent_statements_covered_display": "100"}, "missing_lines": [], "excluded_lines": [], "start_line": 1}}, "classes": {"": {"executed_lines": [8, 10, 11, 12, 13, 14, 16, 17, 19, 20, 27, 28, 31, 33, 34, 36, 37, 38, 50, 51, 52, 53, 54, 59, 60, 63, 64, 67, 80, 81, 82, 83, 84, 87, 88, 94, 95, 96, 97, 98, 99, 100, 101, 102, 103, 104, 105, 106, 107, 108, 109, 110, 111, 114, 115, 116, 117, 118, 120, 121, 122, 133], "summary": {"covered_lines": 62, "num_statements": 70, "percent_covered": 88.57142857142857, "percent_covered_display": "89", "missing_lines": 8, "excluded_lines": 0, "percent_statements_covered": 88.57142857142857, "percent_statements_covered_display": "89"}, "missing_lines": [35, 68, 70, 71, 75, 76, 77, 113], "excluded_lines": [], "start_line": 1}}}, "library\\workflows.py": {"executed_lines": [8, 10, 11, 13, 25, 34, 40, 44, 45, 46, 47, 48, 52, 53, 54, 55, 56, 57, 58, 59, 60, 61, 64, 67, 68, 69, 70, 71, 72, 76, 79, 81, 82, 83, 87, 88, 91, 92, 93, 94, 95, 96, 97, 101, 107, 108, 110, 113, 114, 117, 119, 120, 122, 123, 124, 125, 126, 127, 128, 131, 132, 133, 136, 138, 139, 140, 142, 144, 151, 158, 166, 167, 168, 169, 170, 171, 177, 186, 192, 193, 198, 200, 203, 205, 206, 207, 209, 210, 211, 219, 220, 221, 222, 223, 224, 225, 229, 232, 239, 240, 241, 242, 243, 244, 245, 246, 247, 248, 251, 254, 256, 257, 258, 259, 261, 262, 263, 264, 272, 273, 274, 275, 276, 277, 278, 279, 280, 281, 282, 283, 287, 291], "summary": {"covered_lines": 132, "num_statements": 142, "percent_covered": 92.95774647887323, "percent_covered_display": "93", "missing_lines": 10, "excluded_lines": 0, "percent_statements_covered": 92.95774647887323, "percent_statements_covered_display": "93"}, "missing_lines": [62, 63, 65, 66, 109, 121, 141, 199, 208, 260], "excluded_lines": [], "functions": {"bulk_update_copies": {"executed_lines": [44, 45, 46, 47, 48, 52, 53, 54, 55, 56, 57, 58, 59, 60, 61, 64, 67, 68, 69, 70, 71, 72, 76], "summary": {"covered_lines": 23, "num_statements": 27, "percent_covered": 85.18518518518519, "percent_covered_display": "85", "missing_lines": 4, "excluded_lines": 0, "percent_statements_covered": 85.18518518518519, "percent_statements_covered_display": "85"}, "missing_lines": [62, 63, 65, 66], "excluded_lines": [], "start_line": 40}, "weed_copies": {"executed_lines": [81, 82, 83, 87, 88, 91, 92, 93, 94, 95, 96, 97, 101], "summary": {"covered_lines": 13, "num_statements": 13, "percent_covered": 100.0, "percent_covered_display": "100", "missing_lines": 0, "excluded_lines": 0, "percent_statements_covered": 100.0, "percent_statements_covered_display": "100"}, "missing_lines": [], "excluded_lines": [], "start_line": 79}, "start_inventory": {"executed_lines": [108, 110, 113, 114], "summary": {"covered_lines": 4, "num_statements": 5, "percent_covered": 80.0, "percent_covered_display": "80", "missing_lines": 1, "excluded_lines": 0, "percent_statements_covered": 80.0, "percent_statements_covered_display": "80"}, "missing_lines": [109], "excluded_lines": [], "start_line": 107}, "scan_inventory": {"executed_lines": [119, 120, 122, 123, 124, 125, 126, 127, 128, 131, 132, 133], "summary": {"covered_lines": 12, "num_statements": 13, "percent_covered": 92.3076923076923, "percent_covered_display": "92", "missing_lines": 1, "excluded_lines": 0, "percent_statements_covered": 92.3076923076923, "percent_statements_covered_display": "92"}, "missing_lines": [121], "excluded_lines": [], "start_line": 117}, "close_inventory": {"executed_lines": [138, 139, 140, 142, 144, 151, 158, 166, 167, 168, 169, 170, 171, 177, 186], "summary": {"covered_lines": 15, "num_statements": 16, "percent_covered": 93.75, "percent_covered_display": "94", "missing_lines": 1, "excluded_lines": 0, "percent_statements_covered": 93.75, "percent_statements_covered_display": "94"}, "missing_lines": [141], "excluded_lines": [], "start_line": 136}, "_active_loan_locked": {"executed_lines": [193, 198, 200], "summary": {"covered_lines": 3, "num_statements": 4, "percent_covered": 75.0, "percent_covered_display": "75", "missing_lines": 1, "excluded_lines": 0, "percent_statements_covered": 75.0, "percent_statements_covered_display": "75"}, "missing_lines": [199], "excluded_lines": [], "start_line": 192}, "mark_loan_lost": {"executed_lines": [205, 206, 207, 209, 210, 211, 219, 220, 221, 222, 223, 224, 225, 229], "summary": {"covered_lines": 14, "num_statements": 15, "percent_covered": 93.33333333333333, "percent_covered_display": "93", "missing_lines": 1, "excluded_lines": 0, "percent_statements_covered": 93.33333333333333, "percent_statements_covered_display": "93"}, "missing_lines": [208], "excluded_lines": [], "start_line": 203}, "mark_claims_returned": {"executed_lines": [239, 240, 241, 242, 243, 244, 245, 246, 247, 248, 251], "summary": {"covered_lines": 11, "num_statements": 11, "percent_covered": 100.0, "percent_covered_display": "100", "missing_lines": 0, "excluded_lines": 0, "percent_statements_covered": 100.0, "percent_statements_covered_display": "100"}, "missing_lines": [], "excluded_lines": [], "start_line": 232}, "return_damaged": {"executed_lines": [256, 257, 258, 259, 261, 262, 263, 264, 272, 273, 274, 275, 276, 277, 278, 279, 280, 281, 282, 283, 287], "summary": {"covered_lines": 21, "num_statements": 22, "percent_covered": 95.45454545454545, "percent_covered_display": "95", "missing_lines": 1, "excluded_lines": 0, "percent_statements_covered": 95.45454545454545, "percent_statements_covered_display": "95"}, "missing_lines": [260], "excluded_lines": [], "start_line": 254}, "": {"executed_lines": [8, 10, 11, 13, 25, 34, 40, 79, 107, 117, 136, 192, 203, 232, 254, 291], "summary": {"covered_lines": 16, "num_statements": 16, "percent_covered": 100.0, "percent_covered_display": "100", "missing_lines": 0, "excluded_lines": 0, "percent_statements_covered": 100.0, "percent_statements_covered_display": "100"}, "missing_lines": [], "excluded_lines": [], "start_line": 1}}, "classes": {"": {"executed_lines": [8, 10, 11, 13, 25, 34, 40, 44, 45, 46, 47, 48, 52, 53, 54, 55, 56, 57, 58, 59, 60, 61, 64, 67, 68, 69, 70, 71, 72, 76, 79, 81, 82, 83, 87, 88, 91, 92, 93, 94, 95, 96, 97, 101, 107, 108, 110, 113, 114, 117, 119, 120, 122, 123, 124, 125, 126, 127, 128, 131, 132, 133, 136, 138, 139, 140, 142, 144, 151, 158, 166, 167, 168, 169, 170, 171, 177, 186, 192, 193, 198, 200, 203, 205, 206, 207, 209, 210, 211, 219, 220, 221, 222, 223, 224, 225, 229, 232, 239, 240, 241, 242, 243, 244, 245, 246, 247, 248, 251, 254, 256, 257, 258, 259, 261, 262, 263, 264, 272, 273, 274, 275, 276, 277, 278, 279, 280, 281, 282, 283, 287, 291], "summary": {"covered_lines": 132, "num_statements": 142, "percent_covered": 92.95774647887323, "percent_covered_display": "93", "missing_lines": 10, "excluded_lines": 0, "percent_statements_covered": 92.95774647887323, "percent_statements_covered_display": "93"}, "missing_lines": [62, 63, 65, 66, 109, 121, 141, 199, 208, 260], "excluded_lines": [], "start_line": 1}}}}, "totals": {"covered_lines": 6909, "num_statements": 7731, "percent_covered": 89.36748156771439, "percent_covered_display": "89", "missing_lines": 822, "excluded_lines": 31, "percent_statements_covered": 89.36748156771439, "percent_statements_covered_display": "89"}}